#
# There is insufficient memory for the Java Runtime Environment to continue.
# Native memory allocation (malloc) failed to allocate 1165616 bytes. Error detail: Chunk::new
# Possible reasons:
#   The system is out of physical RAM or swap space
#   This process is running with CompressedOops enabled, and the Java Heap may be blocking the growth of the native heap
# Possible solutions:
#   Reduce memory load on the system
#   Increase physical memory or swap space
#   Check if swap backing store is full
#   Decrease Java heap size (-Xmx/-Xms)
#   Decrease number of Java threads
#   Decrease Java thread stack sizes (-Xss)
#   Set larger code cache with -XX:ReservedCodeCacheSize=
#   JVM is running with Unscaled Compressed Oops mode in which the Java heap is
#     placed in the first 4GB address space. The Java Heap base address is the
#     maximum limit for the native heap growth. Please use -XX:HeapBaseMinAddress
#     to set the Java Heap base and to place the Java Heap above 4GB virtual address.
# This output file may be truncated or incomplete.
#
#  Out of Memory Error (arena.cpp:191), pid=11360, tid=11480
#
# JRE version: OpenJDK Runtime Environment Temurin-17.0.13+11 (17.0.13+11) (build 17.0.13+11)
# Java VM: OpenJDK 64-Bit Server VM Temurin-17.0.13+11 (17.0.13+11, mixed mode, tiered, compressed oops, compressed class ptrs, parallel gc, windows-amd64)
# No core dump will be written. Minidumps are not enabled by default on client versions of Windows
#

---------------  S U M M A R Y ------------

Command Line: --add-modules=ALL-SYSTEM --add-opens=java.base/java.util=ALL-UNNAMED --add-opens=java.base/java.lang=ALL-UNNAMED --add-opens=java.base/sun.nio.fs=ALL-UNNAMED -Declipse.application=org.eclipse.jdt.ls.core.id1 -Dosgi.bundles.defaultStartLevel=4 -Declipse.product=org.eclipse.jdt.ls.core.product -Djava.import.generatesMetadataFilesAtProjectRoot=false -DDetectVMInstallationsJob.disabled=true -Dfile.encoding=utf8 -XX:+UseParallelGC -XX:GCTimeRatio=4 -XX:AdaptiveSizePolicyWeight=90 -Dsun.zip.disableMemoryMapping=true -Xmx1G -Xms100m -Xlog:disable -javaagent:c:\Users\pedro\.vscode\extensions\redhat.java-1.38.0-win32-x64\lombok\lombok-1.18.34.jar -XX:+HeapDumpOnOutOfMemoryError -XX:HeapDumpPath=c:\Users\pedro\AppData\Roaming\Code\User\workspaceStorage\81bba957f03d662a401d2716d520600c\redhat.java -Daether.dependencyCollector.impl=bf c:\Users\pedro\.vscode\extensions\redhat.java-1.38.0-win32-x64\server\plugins\org.eclipse.equinox.launcher_1.6.900.v20240613-2009.jar -configuration c:\Users\pedro\AppData\Roaming\Code\User\globalStorage\redhat.java\1.38.0\config_win -data c:\Users\pedro\AppData\Roaming\Code\User\workspaceStorage\81bba957f03d662a401d2716d520600c\redhat.java\jdt_ws --pipe=\\.\pipe\lsp-e4735382d1b0d4636568fbd37c9fa72a-sock

Host: AMD Ryzen 5 3500U with Radeon Vega Mobile Gfx  , 8 cores, 9G,  Windows 11 , 64 bit Build 26100 (10.0.26100.2454)
Time: Thu Jan 16 19:26:30 2025 Hora Padrão do Leste da AS elapsed time: 19.010611 seconds (0d 0h 0m 19s)

---------------  T H R E A D  ---------------

Current thread (0x0000021f7cd39aa0):  JavaThread "C2 CompilerThread0" daemon [_thread_in_native, id=11480, stack(0x00000039c8700000,0x00000039c8800000)]


Current CompileTask:
C2:  19010 3765       4       jdk.internal.org.objectweb.asm.Frame::execute (2318 bytes)

Stack: [0x00000039c8700000,0x00000039c8800000]
Native frames: (J=compiled Java code, j=interpreted, Vv=VM code, C=native code)
V  [jvm.dll+0x682a19]
V  [jvm.dll+0x839538]
V  [jvm.dll+0x83afe3]
V  [jvm.dll+0x83b653]
V  [jvm.dll+0x24704f]
V  [jvm.dll+0xace34]
V  [jvm.dll+0xad4cc]
V  [jvm.dll+0x36592f]
V  [jvm.dll+0x32fbd8]
V  [jvm.dll+0x32f05a]
V  [jvm.dll+0x21804f]
V  [jvm.dll+0x21748f]
V  [jvm.dll+0x1a3070]
V  [jvm.dll+0x22788c]
V  [jvm.dll+0x2259eb]
V  [jvm.dll+0x7eec98]
V  [jvm.dll+0x7e8ffc]
V  [jvm.dll+0x6818f7]
C  [ucrtbase.dll+0x14ea0]
C  [KERNEL32.DLL+0x2e8d7]
C  [ntdll.dll+0xdfbcc]


---------------  P R O C E S S  ---------------

Threads class SMR info:
_java_thread_list=0x0000021f00895540, length=26, elements={
0x0000021f63e04110, 0x0000021f77c87020, 0x0000021f77c89120, 0x0000021f7cd28f10,
0x0000021f7cd298e0, 0x0000021f7cd2d6d0, 0x0000021f7cd312c0, 0x0000021f7cd39aa0,
0x0000021f7cd3afd0, 0x0000021f7cd3c080, 0x0000021f7ceb64b0, 0x0000021f7d0abd10,
0x0000021f7e774040, 0x0000021f7e791100, 0x0000021f7e4e1150, 0x0000021f7e388810,
0x0000021f7efeaae0, 0x0000021f7e8a63a0, 0x0000021f7e8a68b0, 0x0000021f7e8a4f60,
0x0000021f7e8a4540, 0x0000021f00057070, 0x0000021f7e8a6dc0, 0x0000021f7f093610,
0x0000021f7e8a72d0, 0x0000021f7e8a4030
}

Java Threads: ( => current thread )
  0x0000021f63e04110 JavaThread "main" [_thread_blocked, id=12464, stack(0x00000039c7e00000,0x00000039c7f00000)]
  0x0000021f77c87020 JavaThread "Reference Handler" daemon [_thread_blocked, id=16200, stack(0x00000039c8100000,0x00000039c8200000)]
  0x0000021f77c89120 JavaThread "Finalizer" daemon [_thread_blocked, id=2192, stack(0x00000039c8200000,0x00000039c8300000)]
  0x0000021f7cd28f10 JavaThread "Signal Dispatcher" daemon [_thread_blocked, id=15404, stack(0x00000039c8300000,0x00000039c8400000)]
  0x0000021f7cd298e0 JavaThread "Attach Listener" daemon [_thread_blocked, id=5424, stack(0x00000039c8400000,0x00000039c8500000)]
  0x0000021f7cd2d6d0 JavaThread "Service Thread" daemon [_thread_blocked, id=1388, stack(0x00000039c8500000,0x00000039c8600000)]
  0x0000021f7cd312c0 JavaThread "Monitor Deflation Thread" daemon [_thread_blocked, id=15568, stack(0x00000039c8600000,0x00000039c8700000)]
=>0x0000021f7cd39aa0 JavaThread "C2 CompilerThread0" daemon [_thread_in_native, id=11480, stack(0x00000039c8700000,0x00000039c8800000)]
  0x0000021f7cd3afd0 JavaThread "C1 CompilerThread0" daemon [_thread_in_native, id=4748, stack(0x00000039c8800000,0x00000039c8900000)]
  0x0000021f7cd3c080 JavaThread "Sweeper thread" daemon [_thread_blocked, id=3368, stack(0x00000039c8900000,0x00000039c8a00000)]
  0x0000021f7ceb64b0 JavaThread "Common-Cleaner" daemon [_thread_blocked, id=2104, stack(0x00000039c8a00000,0x00000039c8b00000)]
  0x0000021f7d0abd10 JavaThread "Notification Thread" daemon [_thread_blocked, id=16264, stack(0x00000039c8c00000,0x00000039c8d00000)]
  0x0000021f7e774040 JavaThread "Active Thread: Equinox Container: 418172ee-0db3-45b7-89e5-5bb54da1b30b" [_thread_blocked, id=4160, stack(0x00000039c9500000,0x00000039c9600000)]
  0x0000021f7e791100 JavaThread "Refresh Thread: Equinox Container: 418172ee-0db3-45b7-89e5-5bb54da1b30b" daemon [_thread_blocked, id=13796, stack(0x00000039c9600000,0x00000039c9700000)]
  0x0000021f7e4e1150 JavaThread "Framework Event Dispatcher: Equinox Container: 418172ee-0db3-45b7-89e5-5bb54da1b30b" daemon [_thread_blocked, id=5748, stack(0x00000039c9700000,0x00000039c9800000)]
  0x0000021f7e388810 JavaThread "Start Level: Equinox Container: 418172ee-0db3-45b7-89e5-5bb54da1b30b" daemon [_thread_in_Java, id=200, stack(0x00000039c9800000,0x00000039c9900000)]
  0x0000021f7efeaae0 JavaThread "Bundle File Closer" daemon [_thread_blocked, id=10344, stack(0x00000039c9a00000,0x00000039c9b00000)]
  0x0000021f7e8a63a0 JavaThread "SCR Component Actor" daemon [_thread_blocked, id=14816, stack(0x00000039c9400000,0x00000039c9500000)]
  0x0000021f7e8a68b0 JavaThread "Worker-JM" [_thread_blocked, id=4444, stack(0x00000039c9c00000,0x00000039c9d00000)]
  0x0000021f7e8a4f60 JavaThread "Worker-0: Updating Maven Dependencies" [_thread_blocked, id=13596, stack(0x00000039c9d00000,0x00000039c9e00000)]
  0x0000021f7e8a4540 JavaThread "Worker-1" [_thread_blocked, id=8328, stack(0x00000039c9e00000,0x00000039c9f00000)]
  0x0000021f00057070 JavaThread "C2 CompilerThread1" daemon [_thread_in_native, id=12860, stack(0x00000039c9300000,0x00000039c9400000)]
  0x0000021f7e8a6dc0 JavaThread "Worker-2: Repository registry initialization" [_thread_in_vm, id=10572, stack(0x00000039c9f00000,0x00000039ca000000)]
  0x0000021f7f093610 JavaThread "C2 CompilerThread2" daemon [_thread_in_native, id=3656, stack(0x00000039ca000000,0x00000039ca100000)]
  0x0000021f7e8a72d0 JavaThread "Java indexing" daemon [_thread_blocked, id=9912, stack(0x00000039ca100000,0x00000039ca200000)]
  0x0000021f7e8a4030 JavaThread "Worker-3" [_thread_blocked, id=1108, stack(0x00000039ca200000,0x00000039ca300000)]

Other Threads:
  0x0000021f7cd014b0 VMThread "VM Thread" [stack: 0x00000039c8000000,0x00000039c8100000] [id=6280]
  0x0000021f7d074e80 WatcherThread [stack: 0x00000039c8d00000,0x00000039c8e00000] [id=8756]
  0x0000021f63e17980 GCTaskThread "GC Thread#0" [stack: 0x00000039c7f00000,0x00000039c8000000] [id=8892]
  0x0000021f0007d5e0 GCTaskThread "GC Thread#1" [stack: 0x00000039c8b00000,0x00000039c8c00000] [id=3836]
  0x0000021f7e305030 GCTaskThread "GC Thread#2" [stack: 0x00000039c8e00000,0x00000039c8f00000] [id=12364]
  0x0000021f7e3052f0 GCTaskThread "GC Thread#3" [stack: 0x00000039c8f00000,0x00000039c9000000] [id=1616]
  0x0000021f7e3055b0 GCTaskThread "GC Thread#4" [stack: 0x00000039c9000000,0x00000039c9100000] [id=6268]
  0x0000021f7e305870 GCTaskThread "GC Thread#5" [stack: 0x00000039c9100000,0x00000039c9200000] [id=3016]
  0x0000021f7e305b30 GCTaskThread "GC Thread#6" [stack: 0x00000039c9200000,0x00000039c9300000] [id=6996]
  0x0000021f7e4dee30 GCTaskThread "GC Thread#7" [stack: 0x00000039c9900000,0x00000039c9a00000] [id=2816]

Threads with active compile tasks:
C2 CompilerThread0    23096 3765       4       jdk.internal.org.objectweb.asm.Frame::execute (2318 bytes)
C2 CompilerThread1    23096 3797   !   4       org.eclipse.osgi.internal.loader.classpath.ClasspathManager::findClassImpl (308 bytes)
C2 CompilerThread2    23096 3615       4       org.lombokweb.asm.ClassReader::readMethod (1066 bytes)

VM state: not at safepoint (normal execution)

VM Mutex/Monitor currently owned by a thread: None

Heap address: 0x00000000c0000000, size: 1024 MB, Compressed Oops mode: 32-bit

CDS archive(s) not mapped
Compressed class space mapped at: 0x0000000100000000-0x0000000140000000, reserved size: 1073741824
Narrow klass base: 0x0000000000000000, Narrow klass shift: 3, Narrow klass range: 0x140000000

GC Precious Log:
 CPUs: 8 total, 8 available
 Memory: 10116M
 Large Page Support: Disabled
 NUMA Support: Disabled
 Compressed Oops: Enabled (32-bit)
 Alignments: Space 512K, Generation 512K, Heap 2M
 Heap Min Capacity: 100M
 Heap Initial Capacity: 100M
 Heap Max Capacity: 1G
 Pre-touch: Disabled
 Parallel Workers: 8

Heap:
 PSYoungGen      total 27136K, used 25586K [0x00000000eab00000, 0x00000000ec900000, 0x0000000100000000)
  eden space 23552K, 94% used [0x00000000eab00000,0x00000000ec0ac8e8,0x00000000ec200000)
  from space 3584K, 94% used [0x00000000ec300000,0x00000000ec650238,0x00000000ec680000)
  to   space 2560K, 0% used [0x00000000ec680000,0x00000000ec680000,0x00000000ec900000)
 ParOldGen       total 68608K, used 12509K [0x00000000c0000000, 0x00000000c4300000, 0x00000000eab00000)
  object space 68608K, 18% used [0x00000000c0000000,0x00000000c0c37600,0x00000000c4300000)
 Metaspace       used 34527K, committed 35264K, reserved 1114112K
  class space    used 3383K, committed 3712K, reserved 1048576K

Card table byte_map: [0x0000021f637b0000,0x0000021f639c0000] _byte_map_base: 0x0000021f631b0000

Marking Bits: (ParMarkBitMap*) 0x00007fffe0586940
 Begin Bits: [0x0000021f75a90000, 0x0000021f76a90000)
 End Bits:   [0x0000021f76a90000, 0x0000021f77a90000)

Polling page: 0x0000021f63590000

Metaspace:

Usage:
  Non-class:     30.41 MB used.
      Class:      3.30 MB used.
       Both:     33.72 MB used.

Virtual space:
  Non-class space:       64.00 MB reserved,      30.81 MB ( 48%) committed,  1 nodes.
      Class space:        1.00 GB reserved,       3.62 MB ( <1%) committed,  1 nodes.
             Both:        1.06 GB reserved,      34.44 MB (  3%) committed. 

Chunk freelists:
   Non-Class:  1.06 MB
       Class:  12.36 MB
        Both:  13.42 MB

MaxMetaspaceSize: unlimited
CompressedClassSpaceSize: 1.00 GB
Initial GC threshold: 21.00 MB
Current GC threshold: 35.00 MB
CDS: off
MetaspaceReclaimPolicy: balanced
 - commit_granule_bytes: 65536.
 - commit_granule_words: 8192.
 - virtual_space_node_default_size: 8388608.
 - enlarge_chunks_in_place: 1.
 - new_chunks_are_fully_committed: 0.
 - uncommit_free_chunks: 1.
 - use_allocation_guard: 0.
 - handle_deallocations: 1.


Internal statistics:

num_allocs_failed_limit: 3.
num_arena_births: 462.
num_arena_deaths: 0.
num_vsnodes_births: 2.
num_vsnodes_deaths: 0.
num_space_committed: 551.
num_space_uncommitted: 0.
num_chunks_returned_to_freelist: 3.
num_chunks_taken_from_freelist: 1496.
num_chunk_merges: 3.
num_chunk_splits: 999.
num_chunks_enlarged: 689.
num_inconsistent_stats: 0.

CodeHeap 'non-profiled nmethods': size=120000Kb used=1706Kb max_used=1706Kb free=118293Kb
 bounds [0x0000021f6e560000, 0x0000021f6e7d0000, 0x0000021f75a90000]
CodeHeap 'profiled nmethods': size=120000Kb used=8050Kb max_used=8050Kb free=111949Kb
 bounds [0x0000021f66a90000, 0x0000021f67270000, 0x0000021f6dfc0000]
CodeHeap 'non-nmethods': size=5760Kb used=1251Kb max_used=1271Kb free=4508Kb
 bounds [0x0000021f6dfc0000, 0x0000021f6e230000, 0x0000021f6e560000]
 total_blobs=4419 nmethods=3849 adapters=483
 compilation: enabled
              stopped_count=0, restarted_count=0
 full_count=0

Compilation events (20 events):
Event: 12.967 Thread 0x0000021f7cd3afd0 3831       3       java.lang.NamedPackage::<init> (59 bytes)
Event: 12.969 Thread 0x0000021f7cd3afd0 nmethod 3831 0x0000021f67261410 code [0x0000021f672616a0, 0x0000021f672620b8]
Event: 13.009 Thread 0x0000021f7cd3afd0 3832       3       java.lang.Thread::onSpinWait (1 bytes)
Event: 13.009 Thread 0x0000021f7cd3afd0 nmethod 3832 0x0000021f67262490 code [0x0000021f67262620, 0x0000021f67262718]
Event: 13.542 Thread 0x0000021f7cd3afd0 3834       3       java.util.concurrent.locks.AbstractQueuedSynchronizer::casTail (13 bytes)
Event: 13.542 Thread 0x0000021f7cd3afd0 nmethod 3834 0x0000021f67262790 code [0x0000021f67262920, 0x0000021f67262a58]
Event: 14.482 Thread 0x0000021f7cd3afd0 3835       3       java.util.TaskQueue::isEmpty (13 bytes)
Event: 14.483 Thread 0x0000021f7cd3afd0 nmethod 3835 0x0000021f67262b10 code [0x0000021f67262ca0, 0x0000021f67262df8]
Event: 14.746 Thread 0x0000021f7cd3afd0 3836       3       java.util.TaskQueue::getMin (7 bytes)
Event: 14.747 Thread 0x0000021f7cd3afd0 nmethod 3836 0x0000021f67262e90 code [0x0000021f67263020, 0x0000021f67263158]
Event: 14.973 Thread 0x0000021f7cd3afd0 3837       3       jdk.internal.misc.Unsafe::weakCompareAndSetReference (11 bytes)
Event: 14.974 Thread 0x0000021f7cd3afd0 nmethod 3837 0x0000021f67263210 code [0x0000021f672633a0, 0x0000021f672634d8]
Event: 15.356 Thread 0x0000021f7cd3afd0 3838       3       java.util.concurrent.locks.AbstractQueuedSynchronizer::tryAcquireSharedNanos (62 bytes)
Event: 15.356 Thread 0x0000021f7cd3afd0 nmethod 3838 0x0000021f67263590 code [0x0000021f672637a0, 0x0000021f67263d78]
Event: 16.373 Thread 0x0000021f7cd3afd0 3839       3       java.util.concurrent.locks.LockSupport::parkNanos (29 bytes)
Event: 16.995 Thread 0x0000021f7cd3afd0 nmethod 3839 0x0000021f67263f10 code [0x0000021f672640e0, 0x0000021f672642c8]
Event: 16.995 Thread 0x0000021f7cd3afd0 3840       3       java.util.concurrent.locks.AbstractQueuedSynchronizer$Node::clearStatus (12 bytes)
Event: 16.996 Thread 0x0000021f7cd3afd0 nmethod 3840 0x0000021f67264410 code [0x0000021f672645c0, 0x0000021f67264768]
Event: 16.996 Thread 0x0000021f7cd3afd0 3841       3       jdk.internal.misc.Unsafe::putIntOpaque (9 bytes)
Event: 16.996 Thread 0x0000021f7cd3afd0 nmethod 3841 0x0000021f67264810 code [0x0000021f672649a0, 0x0000021f67264ab8]

GC Heap History (20 events):
Event: 5.043 GC heap before
{Heap before GC invocations=1 (full 0):
 PSYoungGen      total 29696K, used 25600K [0x00000000eab00000, 0x00000000ecc00000, 0x0000000100000000)
  eden space 25600K, 100% used [0x00000000eab00000,0x00000000ec400000,0x00000000ec400000)
  from space 4096K, 0% used [0x00000000ec800000,0x00000000ec800000,0x00000000ecc00000)
  to   space 4096K, 0% used [0x00000000ec400000,0x00000000ec400000,0x00000000ec800000)
 ParOldGen       total 68608K, used 0K [0x00000000c0000000, 0x00000000c4300000, 0x00000000eab00000)
  object space 68608K, 0% used [0x00000000c0000000,0x00000000c0000000,0x00000000c4300000)
 Metaspace       used 10940K, committed 11072K, reserved 1114112K
  class space    used 1090K, committed 1152K, reserved 1048576K
}
Event: 5.053 GC heap after
{Heap after GC invocations=1 (full 0):
 PSYoungGen      total 29696K, used 3189K [0x00000000eab00000, 0x00000000ecc00000, 0x0000000100000000)
  eden space 25600K, 0% used [0x00000000eab00000,0x00000000eab00000,0x00000000ec400000)
  from space 4096K, 77% used [0x00000000ec400000,0x00000000ec71d4f8,0x00000000ec800000)
  to   space 4096K, 0% used [0x00000000ec800000,0x00000000ec800000,0x00000000ecc00000)
 ParOldGen       total 68608K, used 16K [0x00000000c0000000, 0x00000000c4300000, 0x00000000eab00000)
  object space 68608K, 0% used [0x00000000c0000000,0x00000000c0004000,0x00000000c4300000)
 Metaspace       used 10940K, committed 11072K, reserved 1114112K
  class space    used 1090K, committed 1152K, reserved 1048576K
}
Event: 6.218 GC heap before
{Heap before GC invocations=2 (full 0):
 PSYoungGen      total 29696K, used 28789K [0x00000000eab00000, 0x00000000ecc00000, 0x0000000100000000)
  eden space 25600K, 100% used [0x00000000eab00000,0x00000000ec400000,0x00000000ec400000)
  from space 4096K, 77% used [0x00000000ec400000,0x00000000ec71d4f8,0x00000000ec800000)
  to   space 4096K, 0% used [0x00000000ec800000,0x00000000ec800000,0x00000000ecc00000)
 ParOldGen       total 68608K, used 16K [0x00000000c0000000, 0x00000000c4300000, 0x00000000eab00000)
  object space 68608K, 0% used [0x00000000c0000000,0x00000000c0004000,0x00000000c4300000)
 Metaspace       used 14395K, committed 14592K, reserved 1114112K
  class space    used 1445K, committed 1536K, reserved 1048576K
}
Event: 6.227 GC heap after
{Heap after GC invocations=2 (full 0):
 PSYoungGen      total 29696K, used 4069K [0x00000000eab00000, 0x00000000ecc00000, 0x0000000100000000)
  eden space 25600K, 0% used [0x00000000eab00000,0x00000000eab00000,0x00000000ec400000)
  from space 4096K, 99% used [0x00000000ec800000,0x00000000ecbf9508,0x00000000ecc00000)
  to   space 4096K, 0% used [0x00000000ec400000,0x00000000ec400000,0x00000000ec800000)
 ParOldGen       total 68608K, used 1546K [0x00000000c0000000, 0x00000000c4300000, 0x00000000eab00000)
  object space 68608K, 2% used [0x00000000c0000000,0x00000000c0182850,0x00000000c4300000)
 Metaspace       used 14395K, committed 14592K, reserved 1114112K
  class space    used 1445K, committed 1536K, reserved 1048576K
}
Event: 7.122 GC heap before
{Heap before GC invocations=3 (full 0):
 PSYoungGen      total 29696K, used 29669K [0x00000000eab00000, 0x00000000ecc00000, 0x0000000100000000)
  eden space 25600K, 100% used [0x00000000eab00000,0x00000000ec400000,0x00000000ec400000)
  from space 4096K, 99% used [0x00000000ec800000,0x00000000ecbf9508,0x00000000ecc00000)
  to   space 4096K, 0% used [0x00000000ec400000,0x00000000ec400000,0x00000000ec800000)
 ParOldGen       total 68608K, used 1546K [0x00000000c0000000, 0x00000000c4300000, 0x00000000eab00000)
  object space 68608K, 2% used [0x00000000c0000000,0x00000000c0182850,0x00000000c4300000)
 Metaspace       used 16162K, committed 16384K, reserved 1114112K
  class space    used 1632K, committed 1728K, reserved 1048576K
}
Event: 7.131 GC heap after
{Heap after GC invocations=3 (full 0):
 PSYoungGen      total 29696K, used 4072K [0x00000000eab00000, 0x00000000ecc00000, 0x0000000100000000)
  eden space 25600K, 0% used [0x00000000eab00000,0x00000000eab00000,0x00000000ec400000)
  from space 4096K, 99% used [0x00000000ec400000,0x00000000ec7fa3c8,0x00000000ec800000)
  to   space 4096K, 0% used [0x00000000ec800000,0x00000000ec800000,0x00000000ecc00000)
 ParOldGen       total 68608K, used 5395K [0x00000000c0000000, 0x00000000c4300000, 0x00000000eab00000)
  object space 68608K, 7% used [0x00000000c0000000,0x00000000c0544d38,0x00000000c4300000)
 Metaspace       used 16162K, committed 16384K, reserved 1114112K
  class space    used 1632K, committed 1728K, reserved 1048576K
}
Event: 8.134 GC heap before
{Heap before GC invocations=4 (full 0):
 PSYoungGen      total 29696K, used 29672K [0x00000000eab00000, 0x00000000ecc00000, 0x0000000100000000)
  eden space 25600K, 100% used [0x00000000eab00000,0x00000000ec400000,0x00000000ec400000)
  from space 4096K, 99% used [0x00000000ec400000,0x00000000ec7fa3c8,0x00000000ec800000)
  to   space 4096K, 0% used [0x00000000ec800000,0x00000000ec800000,0x00000000ecc00000)
 ParOldGen       total 68608K, used 5395K [0x00000000c0000000, 0x00000000c4300000, 0x00000000eab00000)
  object space 68608K, 7% used [0x00000000c0000000,0x00000000c0544d38,0x00000000c4300000)
 Metaspace       used 19554K, committed 19904K, reserved 1114112K
  class space    used 1990K, committed 2112K, reserved 1048576K
}
Event: 8.140 GC heap after
{Heap after GC invocations=4 (full 0):
 PSYoungGen      total 29696K, used 4093K [0x00000000eab00000, 0x00000000ecc00000, 0x0000000100000000)
  eden space 25600K, 0% used [0x00000000eab00000,0x00000000eab00000,0x00000000ec400000)
  from space 4096K, 99% used [0x00000000ec800000,0x00000000ecbff6b8,0x00000000ecc00000)
  to   space 4096K, 0% used [0x00000000ec400000,0x00000000ec400000,0x00000000ec800000)
 ParOldGen       total 68608K, used 6469K [0x00000000c0000000, 0x00000000c4300000, 0x00000000eab00000)
  object space 68608K, 9% used [0x00000000c0000000,0x00000000c06516b0,0x00000000c4300000)
 Metaspace       used 19554K, committed 19904K, reserved 1114112K
  class space    used 1990K, committed 2112K, reserved 1048576K
}
Event: 8.446 GC heap before
{Heap before GC invocations=5 (full 0):
 PSYoungGen      total 29696K, used 13703K [0x00000000eab00000, 0x00000000ecc00000, 0x0000000100000000)
  eden space 25600K, 37% used [0x00000000eab00000,0x00000000eb462790,0x00000000ec400000)
  from space 4096K, 99% used [0x00000000ec800000,0x00000000ecbff6b8,0x00000000ecc00000)
  to   space 4096K, 0% used [0x00000000ec400000,0x00000000ec400000,0x00000000ec800000)
 ParOldGen       total 68608K, used 6469K [0x00000000c0000000, 0x00000000c4300000, 0x00000000eab00000)
  object space 68608K, 9% used [0x00000000c0000000,0x00000000c06516b0,0x00000000c4300000)
 Metaspace       used 21148K, committed 21504K, reserved 1114112K
  class space    used 2128K, committed 2304K, reserved 1048576K
}
Event: 8.450 GC heap after
{Heap after GC invocations=5 (full 0):
 PSYoungGen      total 29696K, used 4090K [0x00000000eab00000, 0x00000000ece00000, 0x0000000100000000)
  eden space 25600K, 0% used [0x00000000eab00000,0x00000000eab00000,0x00000000ec400000)
  from space 4096K, 99% used [0x00000000ec400000,0x00000000ec7fead0,0x00000000ec800000)
  to   space 5120K, 0% used [0x00000000ec900000,0x00000000ec900000,0x00000000ece00000)
 ParOldGen       total 68608K, used 6935K [0x00000000c0000000, 0x00000000c4300000, 0x00000000eab00000)
  object space 68608K, 10% used [0x00000000c0000000,0x00000000c06c5d40,0x00000000c4300000)
 Metaspace       used 21148K, committed 21504K, reserved 1114112K
  class space    used 2128K, committed 2304K, reserved 1048576K
}
Event: 8.450 GC heap before
{Heap before GC invocations=6 (full 1):
 PSYoungGen      total 29696K, used 4090K [0x00000000eab00000, 0x00000000ece00000, 0x0000000100000000)
  eden space 25600K, 0% used [0x00000000eab00000,0x00000000eab00000,0x00000000ec400000)
  from space 4096K, 99% used [0x00000000ec400000,0x00000000ec7fead0,0x00000000ec800000)
  to   space 5120K, 0% used [0x00000000ec900000,0x00000000ec900000,0x00000000ece00000)
 ParOldGen       total 68608K, used 6935K [0x00000000c0000000, 0x00000000c4300000, 0x00000000eab00000)
  object space 68608K, 10% used [0x00000000c0000000,0x00000000c06c5d40,0x00000000c4300000)
 Metaspace       used 21148K, committed 21504K, reserved 1114112K
  class space    used 2128K, committed 2304K, reserved 1048576K
}
Event: 8.478 GC heap after
{Heap after GC invocations=6 (full 1):
 PSYoungGen      total 29696K, used 0K [0x00000000eab00000, 0x00000000ece00000, 0x0000000100000000)
  eden space 25600K, 0% used [0x00000000eab00000,0x00000000eab00000,0x00000000ec400000)
  from space 4096K, 0% used [0x00000000ec400000,0x00000000ec400000,0x00000000ec800000)
  to   space 5120K, 0% used [0x00000000ec900000,0x00000000ec900000,0x00000000ece00000)
 ParOldGen       total 68608K, used 10716K [0x00000000c0000000, 0x00000000c4300000, 0x00000000eab00000)
  object space 68608K, 15% used [0x00000000c0000000,0x00000000c0a77300,0x00000000c4300000)
 Metaspace       used 21148K, committed 21504K, reserved 1114112K
  class space    used 2128K, committed 2304K, reserved 1048576K
}
Event: 9.231 GC heap before
{Heap before GC invocations=7 (full 1):
 PSYoungGen      total 29696K, used 25600K [0x00000000eab00000, 0x00000000ece00000, 0x0000000100000000)
  eden space 25600K, 100% used [0x00000000eab00000,0x00000000ec400000,0x00000000ec400000)
  from space 4096K, 0% used [0x00000000ec400000,0x00000000ec400000,0x00000000ec800000)
  to   space 5120K, 0% used [0x00000000ec900000,0x00000000ec900000,0x00000000ece00000)
 ParOldGen       total 68608K, used 10716K [0x00000000c0000000, 0x00000000c4300000, 0x00000000eab00000)
  object space 68608K, 15% used [0x00000000c0000000,0x00000000c0a77300,0x00000000c4300000)
 Metaspace       used 24211K, committed 24768K, reserved 1114112K
  class space    used 2456K, committed 2688K, reserved 1048576K
}
Event: 9.236 GC heap after
{Heap after GC invocations=7 (full 1):
 PSYoungGen      total 26624K, used 1511K [0x00000000eab00000, 0x00000000eca80000, 0x0000000100000000)
  eden space 25088K, 0% used [0x00000000eab00000,0x00000000eab00000,0x00000000ec380000)
  from space 1536K, 98% used [0x00000000ec900000,0x00000000eca79eb8,0x00000000eca80000)
  to   space 3072K, 0% used [0x00000000ec480000,0x00000000ec480000,0x00000000ec780000)
 ParOldGen       total 68608K, used 10724K [0x00000000c0000000, 0x00000000c4300000, 0x00000000eab00000)
  object space 68608K, 15% used [0x00000000c0000000,0x00000000c0a79300,0x00000000c4300000)
 Metaspace       used 24211K, committed 24768K, reserved 1114112K
  class space    used 2456K, committed 2688K, reserved 1048576K
}
Event: 9.916 GC heap before
{Heap before GC invocations=8 (full 1):
 PSYoungGen      total 26624K, used 26599K [0x00000000eab00000, 0x00000000eca80000, 0x0000000100000000)
  eden space 25088K, 100% used [0x00000000eab00000,0x00000000ec380000,0x00000000ec380000)
  from space 1536K, 98% used [0x00000000ec900000,0x00000000eca79eb8,0x00000000eca80000)
  to   space 3072K, 0% used [0x00000000ec480000,0x00000000ec480000,0x00000000ec780000)
 ParOldGen       total 68608K, used 10724K [0x00000000c0000000, 0x00000000c4300000, 0x00000000eab00000)
  object space 68608K, 15% used [0x00000000c0000000,0x00000000c0a79300,0x00000000c4300000)
 Metaspace       used 27394K, committed 28032K, reserved 1114112K
  class space    used 2786K, committed 3008K, reserved 1048576K
}
Event: 9.920 GC heap after
{Heap after GC invocations=8 (full 1):
 PSYoungGen      total 27648K, used 3057K [0x00000000eab00000, 0x00000000eca00000, 0x0000000100000000)
  eden space 24576K, 0% used [0x00000000eab00000,0x00000000eab00000,0x00000000ec300000)
  from space 3072K, 99% used [0x00000000ec480000,0x00000000ec77c668,0x00000000ec780000)
  to   space 2560K, 0% used [0x00000000ec780000,0x00000000ec780000,0x00000000eca00000)
 ParOldGen       total 68608K, used 10796K [0x00000000c0000000, 0x00000000c4300000, 0x00000000eab00000)
  object space 68608K, 15% used [0x00000000c0000000,0x00000000c0a8b300,0x00000000c4300000)
 Metaspace       used 27394K, committed 28032K, reserved 1114112K
  class space    used 2786K, committed 3008K, reserved 1048576K
}
Event: 10.230 GC heap before
{Heap before GC invocations=9 (full 1):
 PSYoungGen      total 27648K, used 27633K [0x00000000eab00000, 0x00000000eca00000, 0x0000000100000000)
  eden space 24576K, 100% used [0x00000000eab00000,0x00000000ec300000,0x00000000ec300000)
  from space 3072K, 99% used [0x00000000ec480000,0x00000000ec77c668,0x00000000ec780000)
  to   space 2560K, 0% used [0x00000000ec780000,0x00000000ec780000,0x00000000eca00000)
 ParOldGen       total 68608K, used 10796K [0x00000000c0000000, 0x00000000c4300000, 0x00000000eab00000)
  object space 68608K, 15% used [0x00000000c0000000,0x00000000c0a8b300,0x00000000c4300000)
 Metaspace       used 30053K, committed 30656K, reserved 1114112K
  class space    used 2958K, committed 3200K, reserved 1048576K
}
Event: 10.232 GC heap after
{Heap after GC invocations=9 (full 1):
 PSYoungGen      total 26624K, used 2546K [0x00000000eab00000, 0x00000000eca00000, 0x0000000100000000)
  eden space 24064K, 0% used [0x00000000eab00000,0x00000000eab00000,0x00000000ec280000)
  from space 2560K, 99% used [0x00000000ec780000,0x00000000ec9fc830,0x00000000eca00000)
  to   space 3584K, 0% used [0x00000000ec300000,0x00000000ec300000,0x00000000ec680000)
 ParOldGen       total 68608K, used 11321K [0x00000000c0000000, 0x00000000c4300000, 0x00000000eab00000)
  object space 68608K, 16% used [0x00000000c0000000,0x00000000c0b0e558,0x00000000c4300000)
 Metaspace       used 30053K, committed 30656K, reserved 1114112K
  class space    used 2958K, committed 3200K, reserved 1048576K
}
Event: 10.430 GC heap before
{Heap before GC invocations=10 (full 1):
 PSYoungGen      total 26624K, used 26610K [0x00000000eab00000, 0x00000000eca00000, 0x0000000100000000)
  eden space 24064K, 100% used [0x00000000eab00000,0x00000000ec280000,0x00000000ec280000)
  from space 2560K, 99% used [0x00000000ec780000,0x00000000ec9fc830,0x00000000eca00000)
  to   space 3584K, 0% used [0x00000000ec300000,0x00000000ec300000,0x00000000ec680000)
 ParOldGen       total 68608K, used 11321K [0x00000000c0000000, 0x00000000c4300000, 0x00000000eab00000)
  object space 68608K, 16% used [0x00000000c0000000,0x00000000c0b0e558,0x00000000c4300000)
 Metaspace       used 31951K, committed 32576K, reserved 1114112K
  class space    used 3100K, committed 3328K, reserved 1048576K
}
Event: 10.435 GC heap after
{Heap after GC invocations=10 (full 1):
 PSYoungGen      total 27136K, used 3392K [0x00000000eab00000, 0x00000000ec900000, 0x0000000100000000)
  eden space 23552K, 0% used [0x00000000eab00000,0x00000000eab00000,0x00000000ec200000)
  from space 3584K, 94% used [0x00000000ec300000,0x00000000ec650238,0x00000000ec680000)
  to   space 2560K, 0% used [0x00000000ec680000,0x00000000ec680000,0x00000000ec900000)
 ParOldGen       total 68608K, used 12509K [0x00000000c0000000, 0x00000000c4300000, 0x00000000eab00000)
  object space 68608K, 18% used [0x00000000c0000000,0x00000000c0c37600,0x00000000c4300000)
 Metaspace       used 31951K, committed 32576K, reserved 1114112K
  class space    used 3100K, committed 3328K, reserved 1048576K
}

Dll operation events (9 events):
Event: 0.021 Loaded shared library c:\Users\pedro\.vscode\extensions\redhat.java-1.38.0-win32-x64\jre\17.0.13-win32-x86_64\bin\java.dll
Event: 0.291 Loaded shared library c:\Users\pedro\.vscode\extensions\redhat.java-1.38.0-win32-x64\jre\17.0.13-win32-x86_64\bin\zip.dll
Event: 0.298 Loaded shared library C:\Users\pedro\.vscode\extensions\redhat.java-1.38.0-win32-x64\jre\17.0.13-win32-x86_64\bin\instrument.dll
Event: 0.323 Loaded shared library C:\Users\pedro\.vscode\extensions\redhat.java-1.38.0-win32-x64\jre\17.0.13-win32-x86_64\bin\net.dll
Event: 0.327 Loaded shared library C:\Users\pedro\.vscode\extensions\redhat.java-1.38.0-win32-x64\jre\17.0.13-win32-x86_64\bin\nio.dll
Event: 0.345 Loaded shared library C:\Users\pedro\.vscode\extensions\redhat.java-1.38.0-win32-x64\jre\17.0.13-win32-x86_64\bin\zip.dll
Event: 0.385 Loaded shared library C:\Users\pedro\.vscode\extensions\redhat.java-1.38.0-win32-x64\jre\17.0.13-win32-x86_64\bin\jimage.dll
Event: 0.543 Loaded shared library c:\Users\pedro\.vscode\extensions\redhat.java-1.38.0-win32-x64\jre\17.0.13-win32-x86_64\bin\verify.dll
Event: 6.097 Loaded shared library C:\Users\pedro\AppData\Roaming\Code\User\globalStorage\redhat.java\1.38.0\config_win\org.eclipse.equinox.launcher\org.eclipse.equinox.launcher.win32.win32.x86_64_1.2.1100.v20240722-2106\eclipse_11904.dll

Deoptimization events (20 events):
Event: 10.807 Thread 0x0000021f7e8a4f60 Uncommon trap: trap_request=0xffffff45 fr.pc=0x0000021f6e623168 relative=0x00000000000000e8
Event: 10.807 Thread 0x0000021f7e8a4f60 Uncommon trap: reason=unstable_if action=reinterpret pc=0x0000021f6e623168 method=jdk.internal.org.objectweb.asm.ByteVector.putShort(I)Ljdk/internal/org/objectweb/asm/ByteVector; @ 13 c2
Event: 10.807 Thread 0x0000021f7e8a4f60 DEOPT PACKING pc=0x0000021f6e623168 sp=0x00000039c9dfd150
Event: 10.807 Thread 0x0000021f7e8a4f60 DEOPT UNPACKING pc=0x0000021f6e0166a3 sp=0x00000039c9dfd0e8 mode 2
Event: 10.822 Thread 0x0000021f7e8a6dc0 Uncommon trap: trap_request=0xffffffde fr.pc=0x0000021f6e6defb0 relative=0x0000000000000090
Event: 10.822 Thread 0x0000021f7e8a6dc0 Uncommon trap: reason=class_check action=maybe_recompile pc=0x0000021f6e6defb0 method=java.lang.Character.codePointAt(Ljava/lang/CharSequence;I)I @ 2 c2
Event: 10.822 Thread 0x0000021f7e8a6dc0 DEOPT PACKING pc=0x0000021f6e6defb0 sp=0x00000039c9ffeac0
Event: 10.822 Thread 0x0000021f7e8a6dc0 DEOPT UNPACKING pc=0x0000021f6e0166a3 sp=0x00000039c9ffea48 mode 2
Event: 10.822 Thread 0x0000021f7e8a6dc0 Uncommon trap: trap_request=0xffffffde fr.pc=0x0000021f6e6defb0 relative=0x0000000000000090
Event: 10.822 Thread 0x0000021f7e8a6dc0 Uncommon trap: reason=class_check action=maybe_recompile pc=0x0000021f6e6defb0 method=java.lang.Character.codePointAt(Ljava/lang/CharSequence;I)I @ 2 c2
Event: 10.822 Thread 0x0000021f7e8a6dc0 DEOPT PACKING pc=0x0000021f6e6defb0 sp=0x00000039c9ffeac0
Event: 10.822 Thread 0x0000021f7e8a6dc0 DEOPT UNPACKING pc=0x0000021f6e0166a3 sp=0x00000039c9ffea48 mode 2
Event: 10.822 Thread 0x0000021f7e8a6dc0 Uncommon trap: trap_request=0xffffffde fr.pc=0x0000021f6e6defb0 relative=0x0000000000000090
Event: 10.822 Thread 0x0000021f7e8a6dc0 Uncommon trap: reason=class_check action=maybe_recompile pc=0x0000021f6e6defb0 method=java.lang.Character.codePointAt(Ljava/lang/CharSequence;I)I @ 2 c2
Event: 10.822 Thread 0x0000021f7e8a6dc0 DEOPT PACKING pc=0x0000021f6e6defb0 sp=0x00000039c9ffeac0
Event: 10.822 Thread 0x0000021f7e8a6dc0 DEOPT UNPACKING pc=0x0000021f6e0166a3 sp=0x00000039c9ffea48 mode 2
Event: 10.822 Thread 0x0000021f7e8a6dc0 Uncommon trap: trap_request=0xffffffde fr.pc=0x0000021f6e6defb0 relative=0x0000000000000090
Event: 10.822 Thread 0x0000021f7e8a6dc0 Uncommon trap: reason=class_check action=maybe_recompile pc=0x0000021f6e6defb0 method=java.lang.Character.codePointAt(Ljava/lang/CharSequence;I)I @ 2 c2
Event: 10.822 Thread 0x0000021f7e8a6dc0 DEOPT PACKING pc=0x0000021f6e6defb0 sp=0x00000039c9ffeac0
Event: 10.822 Thread 0x0000021f7e8a6dc0 DEOPT UNPACKING pc=0x0000021f6e0166a3 sp=0x00000039c9ffea48 mode 2

Classes loaded (20 events):
Event: 10.896 Loading class java/util/concurrent/atomic/AtomicReferenceFieldUpdater$AtomicReferenceFieldUpdaterImpl$1
Event: 10.897 Loading class java/util/concurrent/atomic/AtomicReferenceFieldUpdater$AtomicReferenceFieldUpdaterImpl$1 done
Event: 12.936 Loading class java/nio/file/Files$AcceptAllFilter
Event: 12.936 Loading class java/nio/file/DirectoryStream$Filter
Event: 12.936 Loading class java/nio/file/DirectoryStream$Filter done
Event: 12.936 Loading class java/nio/file/Files$AcceptAllFilter done
Event: 12.936 Loading class sun/nio/fs/WindowsDirectoryStream
Event: 12.937 Loading class java/nio/file/DirectoryStream
Event: 12.937 Loading class java/nio/file/DirectoryStream done
Event: 12.937 Loading class sun/nio/fs/WindowsDirectoryStream done
Event: 12.937 Loading class sun/nio/fs/WindowsDirectoryStream$WindowsDirectoryIterator
Event: 12.938 Loading class sun/nio/fs/WindowsDirectoryStream$WindowsDirectoryIterator done
Event: 12.938 Loading class sun/nio/fs/WindowsPath$WindowsPathWithAttributes
Event: 12.938 Loading class sun/nio/fs/BasicFileAttributesHolder
Event: 12.938 Loading class sun/nio/fs/BasicFileAttributesHolder done
Event: 12.938 Loading class sun/nio/fs/WindowsPath$WindowsPathWithAttributes done
Event: 12.958 Loading class sun/security/provider/AbstractDrbg$NonceProvider
Event: 12.958 Loading class sun/security/provider/AbstractDrbg$NonceProvider done
Event: 16.995 Loading class java/util/DualPivotQuicksort
Event: 16.996 Loading class java/util/DualPivotQuicksort done

Classes unloaded (0 events):
No events

Classes redefined (0 events):
No events

Internal exceptions (20 events):
Event: 10.726 Thread 0x0000021f7e8a4f60 Exception <a 'java/lang/NoSuchMethodError'{0x00000000eb226b28}: 'void java.lang.invoke.DirectMethodHandle$Holder.invokeStatic(java.lang.Object, java.lang.Object, java.lang.Object, java.lang.Object)'> (0x00000000eb226b28) 
thrown [s\src\hotspot\share\interpreter\linkResolver.cpp, line 759]
Event: 10.755 Thread 0x0000021f7e8a6dc0 Exception <a 'java/lang/NoSuchMethodError'{0x00000000eb56a088}: 'java.lang.Object java.lang.invoke.DirectMethodHandle$Holder.invokeStaticInit(java.lang.Object, java.lang.Object, java.lang.Object, java.lang.Object, java.lang.Object, java.lang.Object, java.lang.Object)'> (0x00000000eb56a088) 
thrown [s\src\hotspot\share\interpreter\linkResolver.cpp, line 759]
Event: 10.757 Thread 0x0000021f7e8a6dc0 Exception <a 'java/lang/NoSuchMethodError'{0x00000000eb5956c0}: 'java.lang.Object java.lang.invoke.DirectMethodHandle$Holder.invokeSpecial(java.lang.Object, java.lang.Object, java.lang.Object, java.lang.Object, java.lang.Object, java.lang.Object, java.lang.Object, java.lang.Object, java.lang.Object)'> (0x00000000eb5956c0) 
thrown [s\src\hotspot\share\interpreter\linkResolver.cpp, line 759]
Event: 10.757 Thread 0x0000021f7e8a6dc0 Exception <a 'java/lang/NoSuchMethodError'{0x00000000eb59a0b8}: 'java.lang.Object java.lang.invoke.Invokers$Holder.invoke_MT(java.lang.Object, java.lang.Object, java.lang.Object, java.lang.Object, java.lang.Object, java.lang.Object, java.lang.Object, java.lang.Object, java.lang.Object)'> (0x00000000eb59a0b8) 
thrown [s\src\hotspot\share\interpreter\linkResolver.cpp, line 759]
Event: 10.772 Thread 0x0000021f7e8a6dc0 Exception <a 'java/lang/NoSuchMethodError'{0x00000000eb5e8bf8}: 'int java.lang.invoke.DirectMethodHandle$Holder.invokeVirtual(java.lang.Object, java.lang.Object, java.lang.Object)'> (0x00000000eb5e8bf8) 
thrown [s\src\hotspot\share\interpreter\linkResolver.cpp, line 759]
Event: 10.773 Thread 0x0000021f7e8a6dc0 Exception <a 'java/lang/NoSuchMethodError'{0x00000000eb5f57a8}: 'int java.lang.invoke.DirectMethodHandle$Holder.invokeVirtual(java.lang.Object, java.lang.Object)'> (0x00000000eb5f57a8) 
thrown [s\src\hotspot\share\interpreter\linkResolver.cpp, line 759]
Event: 10.774 Thread 0x0000021f7e8a6dc0 Exception <a 'java/lang/NoSuchMethodError'{0x00000000eb5f9a40}: 'int java.lang.invoke.DirectMethodHandle$Holder.invokeStaticInit(java.lang.Object, int, int)'> (0x00000000eb5f9a40) 
thrown [s\src\hotspot\share\interpreter\linkResolver.cpp, line 759]
Event: 10.775 Thread 0x0000021f7e8a6dc0 Exception <a 'java/lang/NoSuchMethodError'{0x00000000eb601488}: 'int java.lang.invoke.DirectMethodHandle$Holder.invokeStaticInit(java.lang.Object, long, long)'> (0x00000000eb601488) 
thrown [s\src\hotspot\share\interpreter\linkResolver.cpp, line 759]
Event: 10.776 Thread 0x0000021f7e8a6dc0 Exception <a 'java/lang/NoSuchMethodError'{0x00000000eb608538}: 'int java.lang.invoke.DirectMethodHandle$Holder.invokeStaticInit(java.lang.Object, float, float)'> (0x00000000eb608538) 
thrown [s\src\hotspot\share\interpreter\linkResolver.cpp, line 759]
Event: 10.778 Thread 0x0000021f7e8a6dc0 Exception <a 'java/lang/NoSuchMethodError'{0x00000000eb60f390}: 'int java.lang.invoke.DirectMethodHandle$Holder.invokeStaticInit(java.lang.Object, double, double)'> (0x00000000eb60f390) 
thrown [s\src\hotspot\share\interpreter\linkResolver.cpp, line 759]
Event: 10.779 Thread 0x0000021f7e8a6dc0 Exception <a 'java/lang/NoSuchMethodError'{0x00000000eb613bd8}: 'int java.lang.invoke.DirectMethodHandle$Holder.invokeStatic(java.lang.Object, long)'> (0x00000000eb613bd8) 
thrown [s\src\hotspot\share\interpreter\linkResolver.cpp, line 759]
Event: 10.785 Thread 0x0000021f7e8a6dc0 Exception <a 'java/lang/NoSuchMethodError'{0x00000000eb62d060}: 'int java.lang.invoke.DirectMethodHandle$Holder.invokeSpecial(java.lang.Object, java.lang.Object, int, int)'> (0x00000000eb62d060) 
thrown [s\src\hotspot\share\interpreter\linkResolver.cpp, line 759]
Event: 10.789 Thread 0x0000021f7e8a6dc0 Exception <a 'java/lang/NoSuchMethodError'{0x00000000eb63fcb8}: 'int java.lang.invoke.Invokers$Holder.linkToTargetMethod(java.lang.Object, java.lang.Object)'> (0x00000000eb63fcb8) 
thrown [s\src\hotspot\share\interpreter\linkResolver.cpp, line 759]
Event: 10.789 Thread 0x0000021f7e8a4f60 Exception <a 'java/lang/NoSuchMethodError'{0x00000000eb648960}: 'int java.lang.invoke.Invokers$Holder.linkToTargetMethod(java.lang.Object, java.lang.Object)'> (0x00000000eb648960) 
thrown [s\src\hotspot\share\interpreter\linkResolver.cpp, line 759]
Event: 10.795 Thread 0x0000021f7e8a4f60 Exception <a 'java/lang/NoSuchMethodError'{0x00000000eb67c158}: 'int java.lang.invoke.DirectMethodHandle$Holder.invokeSpecial(java.lang.Object, java.lang.Object, java.lang.Object, java.lang.Object)'> (0x00000000eb67c158) 
thrown [s\src\hotspot\share\interpreter\linkResolver.cpp, line 759]
Event: 10.803 Thread 0x0000021f7e8a4f60 Exception <a 'java/lang/NoSuchMethodError'{0x00000000eb6c0de8}: 'java.lang.Object java.lang.invoke.DirectMethodHandle$Holder.invokeStatic(java.lang.Object, int, java.lang.Object, java.lang.Object)'> (0x00000000eb6c0de8) 
thrown [s\src\hotspot\share\interpreter\linkResolver.cpp, line 759]
Event: 10.804 Thread 0x0000021f7e8a4f60 Exception <a 'java/lang/NoSuchMethodError'{0x00000000eb6c48a0}: 'java.lang.Object java.lang.invoke.DelegatingMethodHandle$Holder.delegate(java.lang.Object, int, java.lang.Object, java.lang.Object)'> (0x00000000eb6c48a0) 
thrown [s\src\hotspot\share\interpreter\linkResolver.cpp, line 759]
Event: 10.808 Thread 0x0000021f7e8a4f60 Exception <a 'java/lang/NoSuchMethodError'{0x00000000eb6ed750}: 'int java.lang.invoke.Invokers$Holder.linkToTargetMethod(java.lang.Object, java.lang.Object, java.lang.Object)'> (0x00000000eb6ed750) 
thrown [s\src\hotspot\share\interpreter\linkResolver.cpp, line 759]
Event: 10.863 Thread 0x0000021f7e8a6dc0 Exception <a 'java/lang/NoSuchMethodError'{0x00000000eb808400}: 'java.lang.Object java.lang.invoke.DirectMethodHandle$Holder.invokeSpecialIFC(java.lang.Object, java.lang.Object, java.lang.Object, java.lang.Object)'> (0x00000000eb808400) 
thrown [s\src\hotspot\share\interpreter\linkResolver.cpp, line 759]
Event: 12.955 Thread 0x0000021f7e388810 Exception <a 'java/lang/NoSuchMethodError'{0x00000000ebad6350}: 'java.lang.Object java.lang.invoke.DirectMethodHandle$Holder.invokeStaticInit(java.lang.Object, java.lang.Object, int, int, int, int)'> (0x00000000ebad6350) 
thrown [s\src\hotspot\share\interpreter\linkResolver.cpp, line 759]

VM Operations (20 events):
Event: 10.230 Executing VM operation: ParallelGCFailedAllocation
Event: 10.232 Executing VM operation: ParallelGCFailedAllocation done
Event: 10.430 Executing VM operation: ParallelGCFailedAllocation
Event: 10.435 Executing VM operation: ParallelGCFailedAllocation done
Event: 10.596 Executing VM operation: HandshakeAllThreads
Event: 10.596 Executing VM operation: HandshakeAllThreads done
Event: 10.650 Executing VM operation: HandshakeAllThreads
Event: 10.650 Executing VM operation: HandshakeAllThreads done
Event: 10.798 Executing VM operation: HandshakeAllThreads
Event: 10.798 Executing VM operation: HandshakeAllThreads done
Event: 10.801 Executing VM operation: HandshakeAllThreads
Event: 10.801 Executing VM operation: HandshakeAllThreads done
Event: 11.802 Executing VM operation: Cleanup
Event: 11.802 Executing VM operation: Cleanup done
Event: 12.939 Executing VM operation: HandshakeAllThreads
Event: 12.939 Executing VM operation: HandshakeAllThreads done
Event: 13.940 Executing VM operation: Cleanup
Event: 13.940 Executing VM operation: Cleanup done
Event: 14.942 Executing VM operation: Cleanup
Event: 14.942 Executing VM operation: Cleanup done

Memory protections (0 events):
No events

Nmethod flushes (0 events):
No events

Events (20 events):
Event: 6.067 Thread 0x0000021f7cd3afd0 Thread added: 0x0000021f7e790be0
Event: 6.083 Thread 0x0000021f63e04110 Thread added: 0x0000021f7e791100
Event: 6.167 Thread 0x0000021f7e791100 Thread added: 0x0000021f7e4e1150
Event: 6.175 Thread 0x0000021f63e04110 Thread added: 0x0000021f7e388810
Event: 6.834 Thread 0x0000021f7e388810 Thread added: 0x0000021f7efeaae0
Event: 7.189 Thread 0x0000021f7e790be0 Thread exited: 0x0000021f7e790be0
Event: 7.228 Thread 0x0000021f7e388810 Thread added: 0x0000021f7e8a63a0
Event: 7.411 Thread 0x0000021f7e388810 Thread added: 0x0000021f7e8a5e90
Event: 7.468 Thread 0x0000021f7e68c040 Thread exited: 0x0000021f7e68c040
Event: 8.210 Thread 0x0000021f7cd3afd0 Thread added: 0x0000021f7e6c1e70
Event: 8.381 Thread 0x0000021f7e388810 Thread added: 0x0000021f7e8a68b0
Event: 8.759 Thread 0x0000021f7e388810 Thread added: 0x0000021f7e8a4f60
Event: 8.792 Thread 0x0000021f7e388810 Thread added: 0x0000021f7e8a4540
Event: 8.848 Thread 0x0000021f7e6c1e70 Thread exited: 0x0000021f7e6c1e70
Event: 9.091 Thread 0x0000021f7cd3afd0 Thread added: 0x0000021f00057070
Event: 9.880 Thread 0x0000021f7e8a4f60 Thread added: 0x0000021f7e8a6dc0
Event: 10.029 Thread 0x0000021f7cd3afd0 Thread added: 0x0000021f7f093610
Event: 10.611 Thread 0x0000021f7e388810 Thread added: 0x0000021f7e8a72d0
Event: 10.893 Thread 0x0000021f7e8a4540 Thread added: 0x0000021f7e8a4030
Event: 14.747 Thread 0x0000021f7e8a5e90 Thread exited: 0x0000021f7e8a5e90


Dynamic libraries:
0x00007ff744730000 - 0x00007ff74473e000 	c:\Users\pedro\.vscode\extensions\redhat.java-1.38.0-win32-x64\jre\17.0.13-win32-x86_64\bin\java.exe
0x00007ff848ca0000 - 0x00007ff848f03000 	C:\WINDOWS\SYSTEM32\ntdll.dll
0x00007ff847620000 - 0x00007ff8476e8000 	C:\WINDOWS\System32\KERNEL32.DLL
0x00007ff8463d0000 - 0x00007ff846782000 	C:\WINDOWS\System32\KERNELBASE.dll
0x00007ff846830000 - 0x00007ff84697b000 	C:\WINDOWS\System32\ucrtbase.dll
0x00007ff809b90000 - 0x00007ff809ba7000 	c:\Users\pedro\.vscode\extensions\redhat.java-1.38.0-win32-x64\jre\17.0.13-win32-x86_64\bin\jli.dll
0x00007ff8477a0000 - 0x00007ff847968000 	C:\WINDOWS\System32\USER32.dll
0x00007fffff980000 - 0x00007fffff99e000 	c:\Users\pedro\.vscode\extensions\redhat.java-1.38.0-win32-x64\jre\17.0.13-win32-x86_64\bin\VCRUNTIME140.dll
0x00007ff846100000 - 0x00007ff846127000 	C:\WINDOWS\System32\win32u.dll
0x00007ff8305d0000 - 0x00007ff830860000 	C:\WINDOWS\WinSxS\amd64_microsoft.windows.common-controls_6595b64144ccf1df_6.0.26100.2454_none_3e0b68a2e331ad60\COMCTL32.dll
0x00007ff848c30000 - 0x00007ff848c5a000 	C:\WINDOWS\System32\GDI32.dll
0x00007ff847ac0000 - 0x00007ff847b69000 	C:\WINDOWS\System32\msvcrt.dll
0x00007ff8462a0000 - 0x00007ff8463cb000 	C:\WINDOWS\System32\gdi32full.dll
0x00007ff8461f0000 - 0x00007ff846293000 	C:\WINDOWS\System32\msvcp_win.dll
0x00007ff848b90000 - 0x00007ff848bbf000 	C:\WINDOWS\System32\IMM32.DLL
0x00007ff810c80000 - 0x00007ff810c8c000 	c:\Users\pedro\.vscode\extensions\redhat.java-1.38.0-win32-x64\jre\17.0.13-win32-x86_64\bin\vcruntime140_1.dll
0x00007ffff9670000 - 0x00007ffff96fd000 	c:\Users\pedro\.vscode\extensions\redhat.java-1.38.0-win32-x64\jre\17.0.13-win32-x86_64\bin\msvcp140.dll
0x00007fffdf9e0000 - 0x00007fffe064b000 	c:\Users\pedro\.vscode\extensions\redhat.java-1.38.0-win32-x64\jre\17.0.13-win32-x86_64\bin\server\jvm.dll
0x00007ff847160000 - 0x00007ff847214000 	C:\WINDOWS\System32\ADVAPI32.dll
0x00007ff846df0000 - 0x00007ff846e96000 	C:\WINDOWS\System32\sechost.dll
0x00007ff846c60000 - 0x00007ff846d76000 	C:\WINDOWS\System32\RPCRT4.dll
0x00007ff847970000 - 0x00007ff8479e4000 	C:\WINDOWS\System32\WS2_32.dll
0x00007ff845f00000 - 0x00007ff845f4e000 	C:\WINDOWS\SYSTEM32\POWRPROF.dll
0x00007ff83b050000 - 0x00007ff83b086000 	C:\WINDOWS\SYSTEM32\WINMM.dll
0x00007ff83b090000 - 0x00007ff83b09b000 	C:\WINDOWS\SYSTEM32\VERSION.dll
0x00007ff845ee0000 - 0x00007ff845ef4000 	C:\WINDOWS\SYSTEM32\UMPDC.dll
0x00007ff844eb0000 - 0x00007ff844eca000 	C:\WINDOWS\SYSTEM32\kernel.appcore.dll
0x00007ff810760000 - 0x00007ff81076a000 	c:\Users\pedro\.vscode\extensions\redhat.java-1.38.0-win32-x64\jre\17.0.13-win32-x86_64\bin\jimage.dll
0x00007ff83be40000 - 0x00007ff83c081000 	C:\WINDOWS\SYSTEM32\DBGHELP.DLL
0x00007ff847b70000 - 0x00007ff847eee000 	C:\WINDOWS\System32\combase.dll
0x00007ff847540000 - 0x00007ff847616000 	C:\WINDOWS\System32\OLEAUT32.dll
0x00007ff83f2d0000 - 0x00007ff83f309000 	C:\WINDOWS\SYSTEM32\dbgcore.DLL
0x00007ff846790000 - 0x00007ff846829000 	C:\WINDOWS\System32\bcryptPrimitives.dll
0x00007ff810540000 - 0x00007ff81054e000 	c:\Users\pedro\.vscode\extensions\redhat.java-1.38.0-win32-x64\jre\17.0.13-win32-x86_64\bin\instrument.dll
0x00007ffffc020000 - 0x00007ffffc045000 	c:\Users\pedro\.vscode\extensions\redhat.java-1.38.0-win32-x64\jre\17.0.13-win32-x86_64\bin\java.dll
0x00007fffff960000 - 0x00007fffff978000 	c:\Users\pedro\.vscode\extensions\redhat.java-1.38.0-win32-x64\jre\17.0.13-win32-x86_64\bin\zip.dll
0x00007ff847f00000 - 0x00007ff848601000 	C:\WINDOWS\System32\SHELL32.dll
0x00007ff843d70000 - 0x00007ff8445a1000 	C:\WINDOWS\SYSTEM32\windows.storage.dll
0x00007ff847280000 - 0x00007ff84735a000 	C:\WINDOWS\System32\SHCORE.dll
0x00007ff848bd0000 - 0x00007ff848c2d000 	C:\WINDOWS\System32\shlwapi.dll
0x00007ff845f80000 - 0x00007ff845fae000 	C:\WINDOWS\SYSTEM32\profapi.dll
0x00007ffffc6c0000 - 0x00007ffffc6d9000 	C:\Users\pedro\.vscode\extensions\redhat.java-1.38.0-win32-x64\jre\17.0.13-win32-x86_64\bin\net.dll
0x00007ff83e550000 - 0x00007ff83e676000 	C:\WINDOWS\SYSTEM32\WINHTTP.dll
0x00007ff8453b0000 - 0x00007ff845418000 	C:\WINDOWS\system32\mswsock.dll
0x00007ffffae80000 - 0x00007ffffae96000 	C:\Users\pedro\.vscode\extensions\redhat.java-1.38.0-win32-x64\jre\17.0.13-win32-x86_64\bin\nio.dll
0x00007ff810320000 - 0x00007ff810330000 	c:\Users\pedro\.vscode\extensions\redhat.java-1.38.0-win32-x64\jre\17.0.13-win32-x86_64\bin\verify.dll
0x00007ffff41e0000 - 0x00007ffff4225000 	C:\Users\pedro\AppData\Roaming\Code\User\globalStorage\redhat.java\1.38.0\config_win\org.eclipse.equinox.launcher\org.eclipse.equinox.launcher.win32.win32.x86_64_1.2.1100.v20240722-2106\eclipse_11904.dll
0x00007ff846ea0000 - 0x00007ff847039000 	C:\WINDOWS\System32\ole32.dll
0x00007ff845650000 - 0x00007ff84566c000 	C:\WINDOWS\SYSTEM32\CRYPTSP.dll
0x00007ff844e10000 - 0x00007ff844e48000 	C:\WINDOWS\system32\rsaenh.dll
0x00007ff845450000 - 0x00007ff84547b000 	C:\WINDOWS\SYSTEM32\USERENV.dll
0x00007ff845890000 - 0x00007ff8458b6000 	C:\WINDOWS\SYSTEM32\bcrypt.dll
0x00007ff845670000 - 0x00007ff84567c000 	C:\WINDOWS\SYSTEM32\CRYPTBASE.dll
0x00007ff844950000 - 0x00007ff844982000 	C:\WINDOWS\SYSTEM32\IPHLPAPI.DLL
0x00007ff847530000 - 0x00007ff84753a000 	C:\WINDOWS\System32\NSI.dll
0x00007ff83e7b0000 - 0x00007ff83e7ce000 	C:\WINDOWS\SYSTEM32\dhcpcsvc6.DLL
0x00007ff83d620000 - 0x00007ff83d645000 	C:\WINDOWS\SYSTEM32\dhcpcsvc.DLL
0x00007ff844990000 - 0x00007ff844ab5000 	C:\WINDOWS\SYSTEM32\DNSAPI.dll

dbghelp: loaded successfully - version: 4.0.5 - missing functions: none
symbol engine: initialized successfully - sym options: 0x614 - pdb path: .;c:\Users\pedro\.vscode\extensions\redhat.java-1.38.0-win32-x64\jre\17.0.13-win32-x86_64\bin;C:\WINDOWS\SYSTEM32;C:\WINDOWS\WinSxS\amd64_microsoft.windows.common-controls_6595b64144ccf1df_6.0.26100.2454_none_3e0b68a2e331ad60;c:\Users\pedro\.vscode\extensions\redhat.java-1.38.0-win32-x64\jre\17.0.13-win32-x86_64\bin\server;C:\Users\pedro\AppData\Roaming\Code\User\globalStorage\redhat.java\1.38.0\config_win\org.eclipse.equinox.launcher\org.eclipse.equinox.launcher.win32.win32.x86_64_1.2.1100.v20240722-2106

VM Arguments:
jvm_args: --add-modules=ALL-SYSTEM --add-opens=java.base/java.util=ALL-UNNAMED --add-opens=java.base/java.lang=ALL-UNNAMED --add-opens=java.base/sun.nio.fs=ALL-UNNAMED -Declipse.application=org.eclipse.jdt.ls.core.id1 -Dosgi.bundles.defaultStartLevel=4 -Declipse.product=org.eclipse.jdt.ls.core.product -Djava.import.generatesMetadataFilesAtProjectRoot=false -DDetectVMInstallationsJob.disabled=true -Dfile.encoding=utf8 -XX:+UseParallelGC -XX:GCTimeRatio=4 -XX:AdaptiveSizePolicyWeight=90 -Dsun.zip.disableMemoryMapping=true -Xmx1G -Xms100m -Xlog:disable -javaagent:c:\Users\pedro\.vscode\extensions\redhat.java-1.38.0-win32-x64\lombok\lombok-1.18.34.jar -XX:+HeapDumpOnOutOfMemoryError -XX:HeapDumpPath=c:\Users\pedro\AppData\Roaming\Code\User\workspaceStorage\81bba957f03d662a401d2716d520600c\redhat.java -Daether.dependencyCollector.impl=bf 
java_command: c:\Users\pedro\.vscode\extensions\redhat.java-1.38.0-win32-x64\server\plugins\org.eclipse.equinox.launcher_1.6.900.v20240613-2009.jar -configuration c:\Users\pedro\AppData\Roaming\Code\User\globalStorage\redhat.java\1.38.0\config_win -data c:\Users\pedro\AppData\Roaming\Code\User\workspaceStorage\81bba957f03d662a401d2716d520600c\redhat.java\jdt_ws --pipe=\\.\pipe\lsp-e4735382d1b0d4636568fbd37c9fa72a-sock
java_class_path (initial): c:\Users\pedro\.vscode\extensions\redhat.java-1.38.0-win32-x64\server\plugins\org.eclipse.equinox.launcher_1.6.900.v20240613-2009.jar
Launcher Type: SUN_STANDARD

[Global flags]
    uintx AdaptiveSizePolicyWeight                 = 90                                        {product} {command line}
     intx CICompilerCount                          = 4                                         {product} {ergonomic}
    uintx GCTimeRatio                              = 4                                         {product} {command line}
     bool HeapDumpOnOutOfMemoryError               = true                                   {manageable} {command line}
    ccstr HeapDumpPath                             = c:\Users\pedro\AppData\Roaming\Code\User\workspaceStorage\81bba957f03d662a401d2716d520600c\redhat.java         {manageable} {command line}
   size_t InitialHeapSize                          = 104857600                                 {product} {command line}
   size_t MaxHeapSize                              = 1073741824                                {product} {command line}
   size_t MaxNewSize                               = 357564416                                 {product} {ergonomic}
   size_t MinHeapDeltaBytes                        = 524288                                    {product} {ergonomic}
   size_t MinHeapSize                              = 104857600                                 {product} {command line}
   size_t NewSize                                  = 34603008                                  {product} {ergonomic}
    uintx NonNMethodCodeHeapSize                   = 5839372                                {pd product} {ergonomic}
    uintx NonProfiledCodeHeapSize                  = 122909434                              {pd product} {ergonomic}
   size_t OldSize                                  = 70254592                                  {product} {ergonomic}
    uintx ProfiledCodeHeapSize                     = 122909434                              {pd product} {ergonomic}
    uintx ReservedCodeCacheSize                    = 251658240                              {pd product} {ergonomic}
     bool SegmentedCodeCache                       = true                                      {product} {ergonomic}
   size_t SoftMaxHeapSize                          = 1073741824                             {manageable} {ergonomic}
     bool UseCompressedClassPointers               = true                           {product lp64_product} {ergonomic}
     bool UseCompressedOops                        = true                           {product lp64_product} {ergonomic}
     bool UseLargePagesIndividualAllocation        = false                                  {pd product} {ergonomic}
     bool UseParallelGC                            = true                                      {product} {command line}

Logging:
Log output configuration:
 #0: stdout all=off uptime,level,tags
 #1: stderr all=off uptime,level,tags

Environment Variables:
JAVA_HOME=C:\Program Files\Eclipse Adoptium\jdk-11.0.17.8-hotspot
PATH=C:\Users\pedro\bin;C:\Program Files\Git\mingw64\bin;C:\Program Files\Git\usr\local\bin;C:\Program Files\Git\usr\bin;C:\Program Files\Git\usr\bin;C:\Program Files\Git\mingw64\bin;C:\Program Files\Git\usr\bin;C:\Users\pedro\bin;C:\Program Files\Eclipse Adoptium\jdk-11.0.17.8-hotspot;C:\WINDOWS\system32;C:\WINDOWS;C:\WINDOWS\System32\Wbem;C:\WINDOWS\System32\WindowsPowerShell\v1.0;C:\WINDOWS\System32\OpenSSH;C:\Program Files\Git\cmd;C:\Program Files\Microsoft SQL Server\Client SDK\ODBC\170\Tools\Binn;C:\Program Files (x86)\Microsoft SQL Server\150\Tools\Binn;C:\Program Files\Microsoft SQL Server\150\Tools\Binn;C:\Program Files\Microsoft SQL Server\150\DTS\Binn;C:\Program Files (x86)\Microsoft SQL Server\160\DTS\Binn;C:\Program Files\Amazon\AWSCLIV2;C:\Program Files\dotnet;C:\Program Files\Azure Data Studio\bin;C:\Users\pedro\AppData\Roaming\nvm;D:\Arquivos de Programas;D:\Arquivos de Programas\nodejs;D:\Program Files\MongoDB\Server\5.0\bin;C:\Users\pedro\AppData\Local\Programs\Python\Python311\Scripts;C:\Users\pedro\AppData\Local\Programs\Python\Python311;C:\Users\pedro\AppData\Local\Microsoft\WindowsApps;C:\Users\pedro\AppData\Local\Programs\Microsoft VS Code\bin;C:\Program Files\Azure Data Studio\bin;C:\gradle-7.6\bin;C:\Program Files\Eclipse Adoptium\jdk-11.0.17.8-hotspot\bin;C:\Program Files\JetBrains\IntelliJ IDEA Community Edition 2022.3.2\bin;C:\Users\pedro\.dotnet\tools;C:\Users\pedro\AppData\Roaming\nvm;D:\Arquivos de Programas;C:\Users\pedro\AppData\Roaming\npm;C:\Program Files\Git\usr\bin\vendor_perl;C:\Program Files\Git\usr\bin\core_perl
USERNAME=pedro
SHELL=C:\Program Files\Git\usr\bin\bash.exe
DISPLAY=needs-to-be-defined
LC_CTYPE=pt_PT.UTF-8
TERM=xterm
TMPDIR=C:\Users\pedro\AppData\Local\Temp
OS=Windows_NT
PROCESSOR_IDENTIFIER=AMD64 Family 23 Model 24 Stepping 1, AuthenticAMD
TMP=C:\Users\pedro\AppData\Local\Temp
TEMP=C:\Users\pedro\AppData\Local\Temp



Periodic native trim disabled


---------------  S Y S T E M  ---------------

OS:
 Windows 11 , 64 bit Build 26100 (10.0.26100.2454)
OS uptime: 0 days 7:48 hours
Hyper-V role detected

CPU: total 8 (initial active 8) (8 cores per cpu, 2 threads per core) family 23 model 24 stepping 1 microcode 0x8108102, cx8, cmov, fxsr, ht, mmx, 3dnowpref, sse, sse2, sse3, ssse3, sse4a, sse4.1, sse4.2, popcnt, lzcnt, tsc, tscinvbit, avx, avx2, aes, clmul, bmi1, bmi2, adx, sha, fma, vzeroupper, clflush, clflushopt, hv
Processor Information for all 8 processors :
  Max Mhz: 2100, Current Mhz: 2100, Mhz Limit: 2100

Memory: 4k page, system-wide physical 10116M (1609M free)
TotalPageFile size 14212M (AvailPageFile size 90M)
current process WorkingSet (physical memory assigned to process): 189M, peak: 189M
current process commit charge ("private bytes"): 286M, peak: 286M

vm_info: OpenJDK 64-Bit Server VM (17.0.13+11) for windows-amd64 JRE (17.0.13+11), built on Oct 16 2024 00:10:08 by "admin" with MS VC++ 17.7 (VS2022)

END.
