#
# There is insufficient memory for the Java Runtime Environment to continue.
# Native memory allocation (malloc) failed to allocate 32784 bytes. Error detail: Chunk::new
# Possible reasons:
#   The system is out of physical RAM or swap space
#   This process is running with CompressedOops enabled, and the Java Heap may be blocking the growth of the native heap
# Possible solutions:
#   Reduce memory load on the system
#   Increase physical memory or swap space
#   Check if swap backing store is full
#   Decrease Java heap size (-Xmx/-Xms)
#   Decrease number of Java threads
#   Decrease Java thread stack sizes (-Xss)
#   Set larger code cache with -XX:ReservedCodeCacheSize=
#   JVM is running with Unscaled Compressed Oops mode in which the Java heap is
#     placed in the first 4GB address space. The Java Heap base address is the
#     maximum limit for the native heap growth. Please use -XX:HeapBaseMinAddress
#     to set the Java Heap base and to place the Java Heap above 4GB virtual address.
# This output file may be truncated or incomplete.
#
#  Out of Memory Error (arena.cpp:191), pid=3632, tid=5492
#
# JRE version: OpenJDK Runtime Environment Temurin-17.0.13+11 (17.0.13+11) (build 17.0.13+11)
# Java VM: OpenJDK 64-Bit Server VM Temurin-17.0.13+11 (17.0.13+11, mixed mode, tiered, compressed oops, compressed class ptrs, parallel gc, windows-amd64)
# No core dump will be written. Minidumps are not enabled by default on client versions of Windows
#

---------------  S U M M A R Y ------------

Command Line: --add-modules=ALL-SYSTEM --add-opens=java.base/java.util=ALL-UNNAMED --add-opens=java.base/java.lang=ALL-UNNAMED --add-opens=java.base/sun.nio.fs=ALL-UNNAMED -Declipse.application=org.eclipse.jdt.ls.core.id1 -Dosgi.bundles.defaultStartLevel=4 -Declipse.product=org.eclipse.jdt.ls.core.product -Djava.import.generatesMetadataFilesAtProjectRoot=false -DDetectVMInstallationsJob.disabled=true -Dfile.encoding=utf8 -XX:+UseParallelGC -XX:GCTimeRatio=4 -XX:AdaptiveSizePolicyWeight=90 -Dsun.zip.disableMemoryMapping=true -Xmx1G -Xms100m -Xlog:disable -javaagent:c:\Users\pedro\.vscode\extensions\redhat.java-1.38.0-win32-x64\lombok\lombok-1.18.34.jar -XX:+HeapDumpOnOutOfMemoryError -XX:HeapDumpPath=c:\Users\pedro\AppData\Roaming\Code\User\workspaceStorage\81bba957f03d662a401d2716d520600c\redhat.java -Daether.dependencyCollector.impl=bf c:\Users\pedro\.vscode\extensions\redhat.java-1.38.0-win32-x64\server\plugins\org.eclipse.equinox.launcher_1.6.900.v20240613-2009.jar -configuration c:\Users\pedro\AppData\Roaming\Code\User\globalStorage\redhat.java\1.38.0\config_win -data c:\Users\pedro\AppData\Roaming\Code\User\workspaceStorage\81bba957f03d662a401d2716d520600c\redhat.java\jdt_ws --pipe=\\.\pipe\lsp-c704ece7891467d8de766c660c50104b-sock

Host: AMD Ryzen 5 3500U with Radeon Vega Mobile Gfx  , 8 cores, 9G,  Windows 11 , 64 bit Build 26100 (10.0.26100.2454)
Time: Thu Jan 16 17:59:17 2025 Hora Padrão do Leste da AS elapsed time: 10.668342 seconds (0d 0h 0m 10s)

---------------  T H R E A D  ---------------

Current thread (0x000001bc45e5b0c0):  JavaThread "C2 CompilerThread0" daemon [_thread_in_native, id=5492, stack(0x00000074d2c00000,0x00000074d2d00000)]


Current CompileTask:
C2:  10668 1469       4       java.io.WinNTFileSystem::normalize (143 bytes)

Stack: [0x00000074d2c00000,0x00000074d2d00000]
Native frames: (J=compiled Java code, j=interpreted, Vv=VM code, C=native code)
V  [jvm.dll+0x682a19]
V  [jvm.dll+0x839538]
V  [jvm.dll+0x83afe3]
V  [jvm.dll+0x83b653]
V  [jvm.dll+0x24704f]
V  [jvm.dll+0xace34]
V  [jvm.dll+0xad4cc]
V  [jvm.dll+0xacf44]
V  [jvm.dll+0x66043c]
V  [jvm.dll+0x58869d]
V  [jvm.dll+0x220ea2]
V  [jvm.dll+0x22129f]
V  [jvm.dll+0x21a2b0]
V  [jvm.dll+0x21738b]
V  [jvm.dll+0x1a3070]
V  [jvm.dll+0x22788c]
V  [jvm.dll+0x2259eb]
V  [jvm.dll+0x7eec98]
V  [jvm.dll+0x7e8ffc]
V  [jvm.dll+0x6818f7]
C  [ucrtbase.dll+0x14ea0]
C  [KERNEL32.DLL+0x2e8d7]
C  [ntdll.dll+0xdfbcc]


---------------  P R O C E S S  ---------------

Threads class SMR info:
_java_thread_list=0x000001bc470ec1d0, length=13, elements={
0x000001bc2c7f5cd0, 0x000001bc40dd7020, 0x000001bc40dd8fc0, 0x000001bc45e48310,
0x000001bc45e48be0, 0x000001bc45e4a9c0, 0x000001bc45e522e0, 0x000001bc45e5b0c0,
0x000001bc45e5f910, 0x000001bc45e605d0, 0x000001bc2c859070, 0x000001bc460f5b30,
0x000001bc473f7190
}

Java Threads: ( => current thread )
  0x000001bc2c7f5cd0 JavaThread "main" [_thread_in_native, id=15220, stack(0x00000074d2300000,0x00000074d2400000)]
  0x000001bc40dd7020 JavaThread "Reference Handler" daemon [_thread_blocked, id=12564, stack(0x00000074d2600000,0x00000074d2700000)]
  0x000001bc40dd8fc0 JavaThread "Finalizer" daemon [_thread_blocked, id=10608, stack(0x00000074d2700000,0x00000074d2800000)]
  0x000001bc45e48310 JavaThread "Signal Dispatcher" daemon [_thread_blocked, id=12228, stack(0x00000074d2800000,0x00000074d2900000)]
  0x000001bc45e48be0 JavaThread "Attach Listener" daemon [_thread_blocked, id=15168, stack(0x00000074d2900000,0x00000074d2a00000)]
  0x000001bc45e4a9c0 JavaThread "Service Thread" daemon [_thread_blocked, id=1132, stack(0x00000074d2a00000,0x00000074d2b00000)]
  0x000001bc45e522e0 JavaThread "Monitor Deflation Thread" daemon [_thread_blocked, id=15012, stack(0x00000074d2b00000,0x00000074d2c00000)]
=>0x000001bc45e5b0c0 JavaThread "C2 CompilerThread0" daemon [_thread_in_native, id=5492, stack(0x00000074d2c00000,0x00000074d2d00000)]
  0x000001bc45e5f910 JavaThread "C1 CompilerThread0" daemon [_thread_blocked, id=6952, stack(0x00000074d2d00000,0x00000074d2e00000)]
  0x000001bc45e605d0 JavaThread "Sweeper thread" daemon [_thread_blocked, id=12756, stack(0x00000074d2e00000,0x00000074d2f00000)]
  0x000001bc2c859070 JavaThread "Common-Cleaner" daemon [_thread_blocked, id=9932, stack(0x00000074d2f00000,0x00000074d3000000)]
  0x000001bc460f5b30 JavaThread "Notification Thread" daemon [_thread_blocked, id=15180, stack(0x00000074d3000000,0x00000074d3100000)]
  0x000001bc473f7190 JavaThread "Active Thread: Equinox Container: b9574c31-a5bc-4f91-a0c7-7f7feae894a7" [_thread_blocked, id=1992, stack(0x00000074d3a00000,0x00000074d3b00000)]

Other Threads:
  0x000001bc45e214b0 VMThread "VM Thread" [stack: 0x00000074d2500000,0x00000074d2600000] [id=14836]
  0x000001bc4700a450 WatcherThread [stack: 0x00000074d3100000,0x00000074d3200000] [id=3064]
  0x000001bc2c80a3c0 GCTaskThread "GC Thread#0" [stack: 0x00000074d2400000,0x00000074d2500000] [id=3568]
  0x000001bc47417fe0 GCTaskThread "GC Thread#1" [stack: 0x00000074d3200000,0x00000074d3300000] [id=8544]
  0x000001bc4721bde0 GCTaskThread "GC Thread#2" [stack: 0x00000074d3300000,0x00000074d3400000] [id=9664]
  0x000001bc4721c0a0 GCTaskThread "GC Thread#3" [stack: 0x00000074d3400000,0x00000074d3500000] [id=7748]
  0x000001bc4721c760 GCTaskThread "GC Thread#4" [stack: 0x00000074d3500000,0x00000074d3600000] [id=7256]
  0x000001bc472e65d0 GCTaskThread "GC Thread#5" [stack: 0x00000074d3600000,0x00000074d3700000] [id=14368]
  0x000001bc4711ac20 GCTaskThread "GC Thread#6" [stack: 0x00000074d3700000,0x00000074d3800000] [id=10168]

Threads with active compile tasks:
C2 CompilerThread0    10712 1469       4       java.io.WinNTFileSystem::normalize (143 bytes)

VM state: not at safepoint (normal execution)

VM Mutex/Monitor currently owned by a thread: None

Heap address: 0x00000000c0000000, size: 1024 MB, Compressed Oops mode: 32-bit

CDS archive(s) not mapped
Compressed class space mapped at: 0x0000000100000000-0x0000000140000000, reserved size: 1073741824
Narrow klass base: 0x0000000000000000, Narrow klass shift: 3, Narrow klass range: 0x140000000

GC Precious Log:
 CPUs: 8 total, 8 available
 Memory: 10116M
 Large Page Support: Disabled
 NUMA Support: Disabled
 Compressed Oops: Enabled (32-bit)
 Alignments: Space 512K, Generation 512K, Heap 2M
 Heap Min Capacity: 100M
 Heap Initial Capacity: 100M
 Heap Max Capacity: 1G
 Pre-touch: Disabled
 Parallel Workers: 8

Heap:
 PSYoungGen      total 29696K, used 24716K [0x00000000eab00000, 0x00000000ecc00000, 0x0000000100000000)
  eden space 25600K, 84% used [0x00000000eab00000,0x00000000ec011cc8,0x00000000ec400000)
  from space 4096K, 76% used [0x00000000ec400000,0x00000000ec711508,0x00000000ec800000)
  to   space 4096K, 0% used [0x00000000ec800000,0x00000000ec800000,0x00000000ecc00000)
 ParOldGen       total 68608K, used 16K [0x00000000c0000000, 0x00000000c4300000, 0x00000000eab00000)
  object space 68608K, 0% used [0x00000000c0000000,0x00000000c0004000,0x00000000c4300000)
 Metaspace       used 13871K, committed 14080K, reserved 1114112K
  class space    used 1377K, committed 1472K, reserved 1048576K

Card table byte_map: [0x000001bc3e670000,0x000001bc3e880000] _byte_map_base: 0x000001bc3e070000

Marking Bits: (ParMarkBitMap*) 0x00007fffc8816940
 Begin Bits: [0x000001bc3e9e0000, 0x000001bc3f9e0000)
 End Bits:   [0x000001bc3f9e0000, 0x000001bc409e0000)

Polling page: 0x000001bc2afa0000

Metaspace:

Usage:
  Non-class:     12.20 MB used.
      Class:      1.35 MB used.
       Both:     13.55 MB used.

Virtual space:
  Non-class space:       64.00 MB reserved,      12.31 MB ( 19%) committed,  1 nodes.
      Class space:        1.00 GB reserved,       1.44 MB ( <1%) committed,  1 nodes.
             Both:        1.06 GB reserved,      13.75 MB (  1%) committed. 

Chunk freelists:
   Non-Class:  3.34 MB
       Class:  14.48 MB
        Both:  17.83 MB

MaxMetaspaceSize: unlimited
CompressedClassSpaceSize: 1.00 GB
Initial GC threshold: 21.00 MB
Current GC threshold: 21.00 MB
CDS: off
MetaspaceReclaimPolicy: balanced
 - commit_granule_bytes: 65536.
 - commit_granule_words: 8192.
 - virtual_space_node_default_size: 8388608.
 - enlarge_chunks_in_place: 1.
 - new_chunks_are_fully_committed: 0.
 - uncommit_free_chunks: 1.
 - use_allocation_guard: 0.
 - handle_deallocations: 1.


Internal statistics:

num_allocs_failed_limit: 0.
num_arena_births: 56.
num_arena_deaths: 0.
num_vsnodes_births: 2.
num_vsnodes_deaths: 0.
num_space_committed: 220.
num_space_uncommitted: 0.
num_chunks_returned_to_freelist: 0.
num_chunks_taken_from_freelist: 214.
num_chunk_merges: 0.
num_chunk_splits: 149.
num_chunks_enlarged: 125.
num_inconsistent_stats: 0.

CodeHeap 'non-profiled nmethods': size=120000Kb used=619Kb max_used=619Kb free=119380Kb
 bounds [0x000001bc36f60000, 0x000001bc371d0000, 0x000001bc3e490000]
CodeHeap 'profiled nmethods': size=120000Kb used=2569Kb max_used=2569Kb free=117430Kb
 bounds [0x000001bc2f490000, 0x000001bc2f720000, 0x000001bc369c0000]
CodeHeap 'non-nmethods': size=5760Kb used=1155Kb max_used=1186Kb free=4604Kb
 bounds [0x000001bc369c0000, 0x000001bc36c30000, 0x000001bc36f60000]
 total_blobs=1916 nmethods=1465 adapters=365
 compilation: enabled
              stopped_count=0, restarted_count=0
 full_count=0

Compilation events (20 events):
Event: 6.629 Thread 0x000001bc45e5f910 nmethod 1459 0x000001bc2f70ce10 code [0x000001bc2f70cfe0, 0x000001bc2f70d398]
Event: 6.862 Thread 0x000001bc45e5f910 1460       3       java.net.URL::isValidProtocol (78 bytes)
Event: 6.865 Thread 0x000001bc45e5f910 nmethod 1460 0x000001bc2f70d590 code [0x000001bc2f70d8a0, 0x000001bc2f70ea98]
Event: 6.865 Thread 0x000001bc45e5f910 1462       3       java.lang.AbstractStringBuilder::append (63 bytes)
Event: 6.865 Thread 0x000001bc45e5f910 nmethod 1462 0x000001bc2f70f190 code [0x000001bc2f70f380, 0x000001bc2f70f8c8]
Event: 6.865 Thread 0x000001bc45e5f910 1461       3       java.lang.StringBuilder::append (10 bytes)
Event: 6.866 Thread 0x000001bc45e5f910 nmethod 1461 0x000001bc2f70fa10 code [0x000001bc2f70fba0, 0x000001bc2f70fce8]
Event: 6.866 Thread 0x000001bc45e5f910 1463       1       sun.nio.fs.NativeBuffer::address (5 bytes)
Event: 6.866 Thread 0x000001bc45e5f910 nmethod 1463 0x000001bc36ff8c10 code [0x000001bc36ff8da0, 0x000001bc36ff8e78]
Event: 7.018 Thread 0x000001bc45e5f910 1464       3       sun.nio.fs.WindowsPathParser::nextNonSlash (24 bytes)
Event: 7.019 Thread 0x000001bc45e5f910 nmethod 1464 0x000001bc2f70fd90 code [0x000001bc2f70ffa0, 0x000001bc2f7106d8]
Event: 7.066 Thread 0x000001bc45e5b0c0 1465 %     4       java.io.WinNTFileSystem::normalize @ 58 (224 bytes)
Event: 7.066 Thread 0x000001bc45e5f910 1466       3       java.lang.String::getChars (54 bytes)
Event: 7.067 Thread 0x000001bc45e5f910 nmethod 1466 0x000001bc2f710a10 code [0x000001bc2f710c00, 0x000001bc2f711058]
Event: 7.068 Thread 0x000001bc45e5f910 1467       3       java.lang.StringLatin1::getChars (12 bytes)
Event: 7.068 Thread 0x000001bc45e5f910 nmethod 1467 0x000001bc2f711210 code [0x000001bc2f7113a0, 0x000001bc2f7114c8]
Event: 8.107 Thread 0x000001bc45e5b0c0 nmethod 1465% 0x000001bc36ff8f10 code [0x000001bc36ff9100, 0x000001bc36ffa318]
Event: 8.508 Thread 0x000001bc45e5f910 1468       3       org.eclipse.osgi.framework.util.SecureAction::getProperty (31 bytes)
Event: 8.508 Thread 0x000001bc45e5b0c0 1469       4       java.io.WinNTFileSystem::normalize (143 bytes)
Event: 8.509 Thread 0x000001bc45e5f910 nmethod 1468 0x000001bc2f711590 code [0x000001bc2f711820, 0x000001bc2f712278]

GC Heap History (2 events):
Event: 2.422 GC heap before
{Heap before GC invocations=1 (full 0):
 PSYoungGen      total 29696K, used 25600K [0x00000000eab00000, 0x00000000ecc00000, 0x0000000100000000)
  eden space 25600K, 100% used [0x00000000eab00000,0x00000000ec400000,0x00000000ec400000)
  from space 4096K, 0% used [0x00000000ec800000,0x00000000ec800000,0x00000000ecc00000)
  to   space 4096K, 0% used [0x00000000ec400000,0x00000000ec400000,0x00000000ec800000)
 ParOldGen       total 68608K, used 0K [0x00000000c0000000, 0x00000000c4300000, 0x00000000eab00000)
  object space 68608K, 0% used [0x00000000c0000000,0x00000000c0000000,0x00000000c4300000)
 Metaspace       used 10942K, committed 11072K, reserved 1114112K
  class space    used 1089K, committed 1152K, reserved 1048576K
}
Event: 2.432 GC heap after
{Heap after GC invocations=1 (full 0):
 PSYoungGen      total 29696K, used 3141K [0x00000000eab00000, 0x00000000ecc00000, 0x0000000100000000)
  eden space 25600K, 0% used [0x00000000eab00000,0x00000000eab00000,0x00000000ec400000)
  from space 4096K, 76% used [0x00000000ec400000,0x00000000ec711508,0x00000000ec800000)
  to   space 4096K, 0% used [0x00000000ec800000,0x00000000ec800000,0x00000000ecc00000)
 ParOldGen       total 68608K, used 16K [0x00000000c0000000, 0x00000000c4300000, 0x00000000eab00000)
  object space 68608K, 0% used [0x00000000c0000000,0x00000000c0004000,0x00000000c4300000)
 Metaspace       used 10942K, committed 11072K, reserved 1114112K
  class space    used 1089K, committed 1152K, reserved 1048576K
}

Dll operation events (8 events):
Event: 0.033 Loaded shared library c:\Users\pedro\.vscode\extensions\redhat.java-1.38.0-win32-x64\jre\17.0.13-win32-x86_64\bin\java.dll
Event: 0.208 Loaded shared library c:\Users\pedro\.vscode\extensions\redhat.java-1.38.0-win32-x64\jre\17.0.13-win32-x86_64\bin\zip.dll
Event: 0.213 Loaded shared library C:\Users\pedro\.vscode\extensions\redhat.java-1.38.0-win32-x64\jre\17.0.13-win32-x86_64\bin\instrument.dll
Event: 0.230 Loaded shared library C:\Users\pedro\.vscode\extensions\redhat.java-1.38.0-win32-x64\jre\17.0.13-win32-x86_64\bin\net.dll
Event: 0.233 Loaded shared library C:\Users\pedro\.vscode\extensions\redhat.java-1.38.0-win32-x64\jre\17.0.13-win32-x86_64\bin\nio.dll
Event: 0.241 Loaded shared library C:\Users\pedro\.vscode\extensions\redhat.java-1.38.0-win32-x64\jre\17.0.13-win32-x86_64\bin\zip.dll
Event: 0.264 Loaded shared library C:\Users\pedro\.vscode\extensions\redhat.java-1.38.0-win32-x64\jre\17.0.13-win32-x86_64\bin\jimage.dll
Event: 0.344 Loaded shared library c:\Users\pedro\.vscode\extensions\redhat.java-1.38.0-win32-x64\jre\17.0.13-win32-x86_64\bin\verify.dll

Deoptimization events (20 events):
Event: 3.204 Thread 0x000001bc2c7f5cd0 Uncommon trap: trap_request=0xffffffde fr.pc=0x000001bc36fbfebc relative=0x00000000000008fc
Event: 3.204 Thread 0x000001bc2c7f5cd0 Uncommon trap: reason=class_check action=maybe_recompile pc=0x000001bc36fbfebc method=java.util.HashMap.putVal(ILjava/lang/Object;Ljava/lang/Object;ZZ)Ljava/lang/Object; @ 253 c2
Event: 3.204 Thread 0x000001bc2c7f5cd0 DEOPT PACKING pc=0x000001bc36fbfebc sp=0x00000074d23fdd70
Event: 3.204 Thread 0x000001bc2c7f5cd0 DEOPT UNPACKING pc=0x000001bc36a166a3 sp=0x00000074d23fdcf0 mode 2
Event: 3.210 Thread 0x000001bc2c7f5cd0 Uncommon trap: trap_request=0xffffffde fr.pc=0x000001bc36fbfebc relative=0x00000000000008fc
Event: 3.210 Thread 0x000001bc2c7f5cd0 Uncommon trap: reason=class_check action=maybe_recompile pc=0x000001bc36fbfebc method=java.util.HashMap.putVal(ILjava/lang/Object;Ljava/lang/Object;ZZ)Ljava/lang/Object; @ 253 c2
Event: 3.210 Thread 0x000001bc2c7f5cd0 DEOPT PACKING pc=0x000001bc36fbfebc sp=0x00000074d23fdd70
Event: 3.210 Thread 0x000001bc2c7f5cd0 DEOPT UNPACKING pc=0x000001bc36a166a3 sp=0x00000074d23fdcf0 mode 2
Event: 3.270 Thread 0x000001bc2c7f5cd0 Uncommon trap: trap_request=0xffffff45 fr.pc=0x000001bc36fe09e0 relative=0x0000000000000060
Event: 3.270 Thread 0x000001bc2c7f5cd0 Uncommon trap: reason=unstable_if action=reinterpret pc=0x000001bc36fe09e0 method=java.util.LinkedHashMap.afterNodeAccess(Ljava/util/HashMap$Node;)V @ 4 c2
Event: 3.270 Thread 0x000001bc2c7f5cd0 DEOPT PACKING pc=0x000001bc36fe09e0 sp=0x00000074d23fc9b0
Event: 3.270 Thread 0x000001bc2c7f5cd0 DEOPT UNPACKING pc=0x000001bc36a166a3 sp=0x00000074d23fc920 mode 2
Event: 3.276 Thread 0x000001bc2c7f5cd0 DEOPT PACKING pc=0x000001bc2f59da14 sp=0x00000074d23fc320
Event: 3.276 Thread 0x000001bc2c7f5cd0 DEOPT UNPACKING pc=0x000001bc36a16e43 sp=0x00000074d23fb7a0 mode 0
Event: 3.282 Thread 0x000001bc2c7f5cd0 DEOPT PACKING pc=0x000001bc2f59da14 sp=0x00000074d23fc280
Event: 3.282 Thread 0x000001bc2c7f5cd0 DEOPT UNPACKING pc=0x000001bc36a16e43 sp=0x00000074d23fb700 mode 0
Event: 3.283 Thread 0x000001bc2c7f5cd0 DEOPT PACKING pc=0x000001bc2f59da14 sp=0x00000074d23fc570
Event: 3.283 Thread 0x000001bc2c7f5cd0 DEOPT UNPACKING pc=0x000001bc36a16e43 sp=0x00000074d23fb9f0 mode 0
Event: 3.307 Thread 0x000001bc2c7f5cd0 DEOPT PACKING pc=0x000001bc2f520b0d sp=0x00000074d23f7c10
Event: 3.307 Thread 0x000001bc2c7f5cd0 DEOPT UNPACKING pc=0x000001bc36a16e43 sp=0x00000074d23f7118 mode 0

Classes loaded (20 events):
Event: 3.257 Loading class javax/xml/parsers/ParserConfigurationException
Event: 3.257 Loading class javax/xml/parsers/ParserConfigurationException done
Event: 3.263 Loading class java/security/KeyStoreException
Event: 3.263 Loading class java/security/KeyStoreException done
Event: 3.270 Loading class sun/security/x509/SubjectAlternativeNameExtension
Event: 3.271 Loading class sun/security/x509/SubjectAlternativeNameExtension done
Event: 3.271 Loading class sun/security/x509/RFC822Name
Event: 3.271 Loading class sun/security/x509/RFC822Name done
Event: 3.317 Loading class java/util/LinkedList$Node
Event: 3.317 Loading class java/util/LinkedList$Node done
Event: 3.317 Loading class java/util/LinkedList$ListItr
Event: 3.317 Loading class java/util/LinkedList$ListItr done
Event: 3.337 Loading class sun/nio/fs/WindowsChannelFactory
Event: 3.337 Loading class sun/nio/fs/WindowsChannelFactory done
Event: 3.338 Loading class sun/nio/fs/WindowsChannelFactory$1
Event: 3.338 Loading class sun/nio/fs/WindowsChannelFactory$1 done
Event: 3.338 Loading class sun/nio/fs/WindowsChannelFactory$Flags
Event: 3.338 Loading class sun/nio/fs/WindowsChannelFactory$Flags done
Event: 3.339 Loading class sun/nio/ch/FileChannelImpl$Closer
Event: 3.340 Loading class sun/nio/ch/FileChannelImpl$Closer done

Classes unloaded (0 events):
No events

Classes redefined (0 events):
No events

Internal exceptions (20 events):
Event: 0.869 Thread 0x000001bc2c7f5cd0 Exception <a 'java/io/FileNotFoundException'{0x00000000eb89eac0}> (0x00000000eb89eac0) 
thrown [s\src\hotspot\share\prims\jni.cpp, line 516]
Event: 0.870 Thread 0x000001bc2c7f5cd0 Exception <a 'java/io/FileNotFoundException'{0x00000000eb89f7e8}> (0x00000000eb89f7e8) 
thrown [s\src\hotspot\share\prims\jni.cpp, line 516]
Event: 0.877 Thread 0x000001bc2c7f5cd0 Implicit null exception at 0x000001bc36f87472 to 0x000001bc36f87990
Event: 0.881 Thread 0x000001bc2c7f5cd0 Exception <a 'java/io/FileNotFoundException'{0x00000000eb8da378}> (0x00000000eb8da378) 
thrown [s\src\hotspot\share\prims\jni.cpp, line 516]
Event: 1.260 Thread 0x000001bc2c7f5cd0 Exception <a 'java/lang/ClassNotFoundException'{0x00000000ec11b340}: sun/net/www/protocol/c/Handler> (0x00000000ec11b340) 
thrown [s\src\hotspot\share\classfile\systemDictionary.cpp, line 256]
Event: 1.261 Thread 0x000001bc2c7f5cd0 Exception <a 'java/lang/ClassNotFoundException'{0x00000000ec11c6b8}: sun/net/www/protocol/d/Handler> (0x00000000ec11c6b8) 
thrown [s\src\hotspot\share\classfile\systemDictionary.cpp, line 256]
Event: 1.261 Thread 0x000001bc2c7f5cd0 Exception <a 'java/lang/ClassNotFoundException'{0x00000000ec11d880}: sun/net/www/protocol/c/Handler> (0x00000000ec11d880) 
thrown [s\src\hotspot\share\classfile\systemDictionary.cpp, line 256]
Event: 1.272 Thread 0x000001bc2c7f5cd0 Exception <a 'java/io/FileNotFoundException'{0x00000000ec144ad8}> (0x00000000ec144ad8) 
thrown [s\src\hotspot\share\prims\jni.cpp, line 516]
Event: 2.350 Thread 0x000001bc2c7f5cd0 Implicit null exception at 0x000001bc36fb06fb to 0x000001bc36fb1080
Event: 2.350 Thread 0x000001bc2c7f5cd0 Implicit null exception at 0x000001bc36fa928c to 0x000001bc36fa94a4
Event: 2.350 Thread 0x000001bc2c7f5cd0 Implicit null exception at 0x000001bc36faad8c to 0x000001bc36faafa4
Event: 2.350 Thread 0x000001bc2c7f5cd0 Implicit null exception at 0x000001bc36fa4c8f to 0x000001bc36fa4d05
Event: 2.439 Thread 0x000001bc2c7f5cd0 Exception <a 'java/lang/NoSuchMethodError'{0x00000000eab1ede0}: 'int java.lang.invoke.DirectMethodHandle$Holder.invokeStaticInit(java.lang.Object, java.lang.Object, java.lang.Object, java.lang.Object)'> (0x00000000eab1ede0) 
thrown [s\src\hotspot\share\interpreter\linkResolver.cpp, line 759]
Event: 2.442 Thread 0x000001bc2c7f5cd0 Exception <a 'java/lang/NoSuchMethodError'{0x00000000eab29548}: 'java.lang.Object java.lang.invoke.DirectMethodHandle$Holder.invokeInterface(java.lang.Object, java.lang.Object)'> (0x00000000eab29548) 
thrown [s\src\hotspot\share\interpreter\linkResolver.cpp, line 759]
Event: 2.442 Thread 0x000001bc2c7f5cd0 Exception <a 'java/lang/IncompatibleClassChangeError'{0x00000000eab2cd40}: Found class java.lang.Object, but interface was expected> (0x00000000eab2cd40) 
thrown [s\src\hotspot\share\interpreter\linkResolver.cpp, line 826]
Event: 2.443 Thread 0x000001bc2c7f5cd0 Exception <a 'java/lang/NoSuchMethodError'{0x00000000eab31220}: 'void java.lang.invoke.DirectMethodHandle$Holder.invokeStatic(java.lang.Object, java.lang.Object)'> (0x00000000eab31220) 
thrown [s\src\hotspot\share\interpreter\linkResolver.cpp, line 759]
Event: 2.444 Thread 0x000001bc2c7f5cd0 Exception <a 'java/lang/NoSuchMethodError'{0x00000000eab34a20}: 'void java.lang.invoke.DirectMethodHandle$Holder.invokeStaticInit(java.lang.Object, java.lang.Object)'> (0x00000000eab34a20) 
thrown [s\src\hotspot\share\interpreter\linkResolver.cpp, line 759]
Event: 2.446 Thread 0x000001bc2c7f5cd0 Exception <a 'java/lang/NoSuchMethodError'{0x00000000eab3bfa0}: 'int java.lang.invoke.DirectMethodHandle$Holder.invokeStaticInit(java.lang.Object, java.lang.Object)'> (0x00000000eab3bfa0) 
thrown [s\src\hotspot\share\interpreter\linkResolver.cpp, line 759]
Event: 2.549 Thread 0x000001bc2c7f5cd0 Exception <a 'java/lang/NoSuchMethodError'{0x00000000eacc86b0}: 'void java.lang.invoke.DirectMethodHandle$Holder.invokeSpecial(java.lang.Object, java.lang.Object, java.lang.Object)'> (0x00000000eacc86b0) 
thrown [s\src\hotspot\share\interpreter\linkResolver.cpp, line 759]
Event: 3.167 Thread 0x000001bc2c7f5cd0 Exception <a 'java/lang/NoSuchMethodError'{0x00000000ebb1a138}: 'java.lang.Object java.lang.invoke.DirectMethodHandle$Holder.newInvokeSpecial(java.lang.Object, int, java.lang.Object)'> (0x00000000ebb1a138) 
thrown [s\src\hotspot\share\interpreter\linkResolver.cpp, line 759]

VM Operations (20 events):
Event: 0.285 Executing VM operation: HandshakeAllThreads
Event: 0.285 Executing VM operation: HandshakeAllThreads done
Event: 0.772 Executing VM operation: HandshakeAllThreads
Event: 0.772 Executing VM operation: HandshakeAllThreads done
Event: 0.820 Executing VM operation: HandshakeAllThreads
Event: 0.820 Executing VM operation: HandshakeAllThreads done
Event: 1.824 Executing VM operation: Cleanup
Event: 2.288 Executing VM operation: Cleanup done
Event: 2.422 Executing VM operation: ParallelGCFailedAllocation
Event: 2.432 Executing VM operation: ParallelGCFailedAllocation done
Event: 3.097 Executing VM operation: HandshakeAllThreads
Event: 3.097 Executing VM operation: HandshakeAllThreads done
Event: 3.098 Executing VM operation: HandshakeAllThreads
Event: 3.098 Executing VM operation: HandshakeAllThreads done
Event: 3.119 Executing VM operation: HandshakeAllThreads
Event: 3.119 Executing VM operation: HandshakeAllThreads done
Event: 3.154 Executing VM operation: HandshakeAllThreads
Event: 3.154 Executing VM operation: HandshakeAllThreads done
Event: 4.155 Executing VM operation: Cleanup
Event: 4.340 Executing VM operation: Cleanup done

Memory protections (0 events):
No events

Nmethod flushes (0 events):
No events

Events (20 events):
Event: 0.099 Thread 0x000001bc2c7f5cd0 Thread added: 0x000001bc45e48310
Event: 0.099 Thread 0x000001bc2c7f5cd0 Thread added: 0x000001bc45e48be0
Event: 0.099 Thread 0x000001bc2c7f5cd0 Thread added: 0x000001bc45e4a9c0
Event: 0.099 Thread 0x000001bc2c7f5cd0 Thread added: 0x000001bc45e522e0
Event: 0.100 Thread 0x000001bc2c7f5cd0 Thread added: 0x000001bc45e5b0c0
Event: 0.100 Thread 0x000001bc2c7f5cd0 Thread added: 0x000001bc45e5f910
Event: 0.100 Thread 0x000001bc2c7f5cd0 Thread added: 0x000001bc45e605d0
Event: 0.158 Thread 0x000001bc2c7f5cd0 Thread added: 0x000001bc2c859070
Event: 0.190 Thread 0x000001bc45e5f910 Thread added: 0x000001bc4603cd50
Event: 0.495 Thread 0x000001bc4603cd50 Thread exited: 0x000001bc4603cd50
Event: 0.518 Thread 0x000001bc2c7f5cd0 Thread added: 0x000001bc460f5b30
Event: 0.524 Thread 0x000001bc45e5f910 Thread added: 0x000001bc461c89e0
Event: 0.772 Thread 0x000001bc45e5f910 Thread added: 0x000001bc47238eb0
Event: 2.291 Thread 0x000001bc47238eb0 Thread exited: 0x000001bc47238eb0
Event: 2.291 Thread 0x000001bc461c89e0 Thread exited: 0x000001bc461c89e0
Event: 2.637 Thread 0x000001bc45e5f910 Thread added: 0x000001bc474ec860
Event: 2.846 Thread 0x000001bc45e5f910 Thread added: 0x000001bc47214a30
Event: 3.061 Thread 0x000001bc2c7f5cd0 Thread added: 0x000001bc473f7190
Event: 3.262 Thread 0x000001bc47214a30 Thread exited: 0x000001bc47214a30
Event: 4.342 Thread 0x000001bc474ec860 Thread exited: 0x000001bc474ec860


Dynamic libraries:
0x00007ff744730000 - 0x00007ff74473e000 	c:\Users\pedro\.vscode\extensions\redhat.java-1.38.0-win32-x64\jre\17.0.13-win32-x86_64\bin\java.exe
0x00007ff848ca0000 - 0x00007ff848f03000 	C:\WINDOWS\SYSTEM32\ntdll.dll
0x00007ff847620000 - 0x00007ff8476e8000 	C:\WINDOWS\System32\KERNEL32.DLL
0x00007ff8463d0000 - 0x00007ff846782000 	C:\WINDOWS\System32\KERNELBASE.dll
0x00007ff846830000 - 0x00007ff84697b000 	C:\WINDOWS\System32\ucrtbase.dll
0x00007ff83f060000 - 0x00007ff83f077000 	c:\Users\pedro\.vscode\extensions\redhat.java-1.38.0-win32-x64\jre\17.0.13-win32-x86_64\bin\jli.dll
0x00007ff83f040000 - 0x00007ff83f05e000 	c:\Users\pedro\.vscode\extensions\redhat.java-1.38.0-win32-x64\jre\17.0.13-win32-x86_64\bin\VCRUNTIME140.dll
0x00007ff8477a0000 - 0x00007ff847968000 	C:\WINDOWS\System32\USER32.dll
0x00007ff846100000 - 0x00007ff846127000 	C:\WINDOWS\System32\win32u.dll
0x00007ff848c30000 - 0x00007ff848c5a000 	C:\WINDOWS\System32\GDI32.dll
0x00007ff8462a0000 - 0x00007ff8463cb000 	C:\WINDOWS\System32\gdi32full.dll
0x00007ff8461f0000 - 0x00007ff846293000 	C:\WINDOWS\System32\msvcp_win.dll
0x00007ff8305d0000 - 0x00007ff830860000 	C:\WINDOWS\WinSxS\amd64_microsoft.windows.common-controls_6595b64144ccf1df_6.0.26100.2454_none_3e0b68a2e331ad60\COMCTL32.dll
0x00007ff847ac0000 - 0x00007ff847b69000 	C:\WINDOWS\System32\msvcrt.dll
0x00007ff848b90000 - 0x00007ff848bbf000 	C:\WINDOWS\System32\IMM32.DLL
0x00007ff83f030000 - 0x00007ff83f03c000 	c:\Users\pedro\.vscode\extensions\redhat.java-1.38.0-win32-x64\jre\17.0.13-win32-x86_64\bin\vcruntime140_1.dll
0x00007ff835140000 - 0x00007ff8351cd000 	c:\Users\pedro\.vscode\extensions\redhat.java-1.38.0-win32-x64\jre\17.0.13-win32-x86_64\bin\msvcp140.dll
0x00007fffc7c70000 - 0x00007fffc88db000 	c:\Users\pedro\.vscode\extensions\redhat.java-1.38.0-win32-x64\jre\17.0.13-win32-x86_64\bin\server\jvm.dll
0x00007ff847160000 - 0x00007ff847214000 	C:\WINDOWS\System32\ADVAPI32.dll
0x00007ff846df0000 - 0x00007ff846e96000 	C:\WINDOWS\System32\sechost.dll
0x00007ff846c60000 - 0x00007ff846d76000 	C:\WINDOWS\System32\RPCRT4.dll
0x00007ff847970000 - 0x00007ff8479e4000 	C:\WINDOWS\System32\WS2_32.dll
0x00007ff845f00000 - 0x00007ff845f4e000 	C:\WINDOWS\SYSTEM32\POWRPROF.dll
0x00007ff83b050000 - 0x00007ff83b086000 	C:\WINDOWS\SYSTEM32\WINMM.dll
0x00007ff83b090000 - 0x00007ff83b09b000 	C:\WINDOWS\SYSTEM32\VERSION.dll
0x00007ff845ee0000 - 0x00007ff845ef4000 	C:\WINDOWS\SYSTEM32\UMPDC.dll
0x00007ff844eb0000 - 0x00007ff844eca000 	C:\WINDOWS\SYSTEM32\kernel.appcore.dll
0x00007ff83e330000 - 0x00007ff83e33a000 	c:\Users\pedro\.vscode\extensions\redhat.java-1.38.0-win32-x64\jre\17.0.13-win32-x86_64\bin\jimage.dll
0x00007ff83be40000 - 0x00007ff83c081000 	C:\WINDOWS\SYSTEM32\DBGHELP.DLL
0x00007ff847b70000 - 0x00007ff847eee000 	C:\WINDOWS\System32\combase.dll
0x00007ff847540000 - 0x00007ff847616000 	C:\WINDOWS\System32\OLEAUT32.dll
0x00007ff83f2d0000 - 0x00007ff83f309000 	C:\WINDOWS\SYSTEM32\dbgcore.DLL
0x00007ff846790000 - 0x00007ff846829000 	C:\WINDOWS\System32\bcryptPrimitives.dll
0x00007ff8350c0000 - 0x00007ff8350ce000 	c:\Users\pedro\.vscode\extensions\redhat.java-1.38.0-win32-x64\jre\17.0.13-win32-x86_64\bin\instrument.dll
0x00007ff835110000 - 0x00007ff835135000 	c:\Users\pedro\.vscode\extensions\redhat.java-1.38.0-win32-x64\jre\17.0.13-win32-x86_64\bin\java.dll
0x00007ff83e310000 - 0x00007ff83e328000 	c:\Users\pedro\.vscode\extensions\redhat.java-1.38.0-win32-x64\jre\17.0.13-win32-x86_64\bin\zip.dll
0x00007ff847f00000 - 0x00007ff848601000 	C:\WINDOWS\System32\SHELL32.dll
0x00007ff843d70000 - 0x00007ff8445a1000 	C:\WINDOWS\SYSTEM32\windows.storage.dll
0x00007ff847280000 - 0x00007ff84735a000 	C:\WINDOWS\System32\SHCORE.dll
0x00007ff848bd0000 - 0x00007ff848c2d000 	C:\WINDOWS\System32\shlwapi.dll
0x00007ff845f80000 - 0x00007ff845fae000 	C:\WINDOWS\SYSTEM32\profapi.dll
0x00007ff8350f0000 - 0x00007ff835109000 	C:\Users\pedro\.vscode\extensions\redhat.java-1.38.0-win32-x64\jre\17.0.13-win32-x86_64\bin\net.dll
0x00007ff83e550000 - 0x00007ff83e676000 	C:\WINDOWS\SYSTEM32\WINHTTP.dll
0x00007ff8453b0000 - 0x00007ff845418000 	C:\WINDOWS\system32\mswsock.dll
0x00007ff8350d0000 - 0x00007ff8350e6000 	C:\Users\pedro\.vscode\extensions\redhat.java-1.38.0-win32-x64\jre\17.0.13-win32-x86_64\bin\nio.dll
0x00007ff8350b0000 - 0x00007ff8350c0000 	c:\Users\pedro\.vscode\extensions\redhat.java-1.38.0-win32-x64\jre\17.0.13-win32-x86_64\bin\verify.dll

dbghelp: loaded successfully - version: 4.0.5 - missing functions: none
symbol engine: initialized successfully - sym options: 0x614 - pdb path: .;c:\Users\pedro\.vscode\extensions\redhat.java-1.38.0-win32-x64\jre\17.0.13-win32-x86_64\bin;C:\WINDOWS\SYSTEM32;C:\WINDOWS\WinSxS\amd64_microsoft.windows.common-controls_6595b64144ccf1df_6.0.26100.2454_none_3e0b68a2e331ad60;c:\Users\pedro\.vscode\extensions\redhat.java-1.38.0-win32-x64\jre\17.0.13-win32-x86_64\bin\server

VM Arguments:
jvm_args: --add-modules=ALL-SYSTEM --add-opens=java.base/java.util=ALL-UNNAMED --add-opens=java.base/java.lang=ALL-UNNAMED --add-opens=java.base/sun.nio.fs=ALL-UNNAMED -Declipse.application=org.eclipse.jdt.ls.core.id1 -Dosgi.bundles.defaultStartLevel=4 -Declipse.product=org.eclipse.jdt.ls.core.product -Djava.import.generatesMetadataFilesAtProjectRoot=false -DDetectVMInstallationsJob.disabled=true -Dfile.encoding=utf8 -XX:+UseParallelGC -XX:GCTimeRatio=4 -XX:AdaptiveSizePolicyWeight=90 -Dsun.zip.disableMemoryMapping=true -Xmx1G -Xms100m -Xlog:disable -javaagent:c:\Users\pedro\.vscode\extensions\redhat.java-1.38.0-win32-x64\lombok\lombok-1.18.34.jar -XX:+HeapDumpOnOutOfMemoryError -XX:HeapDumpPath=c:\Users\pedro\AppData\Roaming\Code\User\workspaceStorage\81bba957f03d662a401d2716d520600c\redhat.java -Daether.dependencyCollector.impl=bf 
java_command: c:\Users\pedro\.vscode\extensions\redhat.java-1.38.0-win32-x64\server\plugins\org.eclipse.equinox.launcher_1.6.900.v20240613-2009.jar -configuration c:\Users\pedro\AppData\Roaming\Code\User\globalStorage\redhat.java\1.38.0\config_win -data c:\Users\pedro\AppData\Roaming\Code\User\workspaceStorage\81bba957f03d662a401d2716d520600c\redhat.java\jdt_ws --pipe=\\.\pipe\lsp-c704ece7891467d8de766c660c50104b-sock
java_class_path (initial): c:\Users\pedro\.vscode\extensions\redhat.java-1.38.0-win32-x64\server\plugins\org.eclipse.equinox.launcher_1.6.900.v20240613-2009.jar
Launcher Type: SUN_STANDARD

[Global flags]
    uintx AdaptiveSizePolicyWeight                 = 90                                        {product} {command line}
     intx CICompilerCount                          = 4                                         {product} {ergonomic}
    uintx GCTimeRatio                              = 4                                         {product} {command line}
     bool HeapDumpOnOutOfMemoryError               = true                                   {manageable} {command line}
    ccstr HeapDumpPath                             = c:\Users\pedro\AppData\Roaming\Code\User\workspaceStorage\81bba957f03d662a401d2716d520600c\redhat.java         {manageable} {command line}
   size_t InitialHeapSize                          = 104857600                                 {product} {command line}
   size_t MaxHeapSize                              = 1073741824                                {product} {command line}
   size_t MaxNewSize                               = 357564416                                 {product} {ergonomic}
   size_t MinHeapDeltaBytes                        = 524288                                    {product} {ergonomic}
   size_t MinHeapSize                              = 104857600                                 {product} {command line}
   size_t NewSize                                  = 34603008                                  {product} {ergonomic}
    uintx NonNMethodCodeHeapSize                   = 5839372                                {pd product} {ergonomic}
    uintx NonProfiledCodeHeapSize                  = 122909434                              {pd product} {ergonomic}
   size_t OldSize                                  = 70254592                                  {product} {ergonomic}
    uintx ProfiledCodeHeapSize                     = 122909434                              {pd product} {ergonomic}
    uintx ReservedCodeCacheSize                    = 251658240                              {pd product} {ergonomic}
     bool SegmentedCodeCache                       = true                                      {product} {ergonomic}
   size_t SoftMaxHeapSize                          = 1073741824                             {manageable} {ergonomic}
     bool UseCompressedClassPointers               = true                           {product lp64_product} {ergonomic}
     bool UseCompressedOops                        = true                           {product lp64_product} {ergonomic}
     bool UseLargePagesIndividualAllocation        = false                                  {pd product} {ergonomic}
     bool UseParallelGC                            = true                                      {product} {command line}

Logging:
Log output configuration:
 #0: stdout all=off uptime,level,tags
 #1: stderr all=off uptime,level,tags

Environment Variables:
JAVA_HOME=C:\Program Files\Eclipse Adoptium\jdk-11.0.17.8-hotspot
PATH=C:\Users\pedro\bin;C:\Program Files\Git\mingw64\bin;C:\Program Files\Git\usr\local\bin;C:\Program Files\Git\usr\bin;C:\Program Files\Git\usr\bin;C:\Program Files\Git\mingw64\bin;C:\Program Files\Git\usr\bin;C:\Users\pedro\bin;C:\Program Files\Eclipse Adoptium\jdk-11.0.17.8-hotspot;C:\WINDOWS\system32;C:\WINDOWS;C:\WINDOWS\System32\Wbem;C:\WINDOWS\System32\WindowsPowerShell\v1.0;C:\WINDOWS\System32\OpenSSH;C:\Program Files\Git\cmd;C:\Program Files\Microsoft SQL Server\Client SDK\ODBC\170\Tools\Binn;C:\Program Files (x86)\Microsoft SQL Server\150\Tools\Binn;C:\Program Files\Microsoft SQL Server\150\Tools\Binn;C:\Program Files\Microsoft SQL Server\150\DTS\Binn;C:\Program Files (x86)\Microsoft SQL Server\160\DTS\Binn;C:\Program Files\Amazon\AWSCLIV2;C:\Program Files\dotnet;C:\Program Files\Azure Data Studio\bin;C:\Users\pedro\AppData\Roaming\nvm;D:\Arquivos de Programas;D:\Arquivos de Programas\nodejs;D:\Program Files\MongoDB\Server\5.0\bin;C:\Users\pedro\AppData\Local\Programs\Python\Python311\Scripts;C:\Users\pedro\AppData\Local\Programs\Python\Python311;C:\Users\pedro\AppData\Local\Microsoft\WindowsApps;C:\Users\pedro\AppData\Local\Programs\Microsoft VS Code\bin;C:\Program Files\Azure Data Studio\bin;C:\gradle-7.6\bin;C:\Program Files\Eclipse Adoptium\jdk-11.0.17.8-hotspot\bin;C:\Program Files\JetBrains\IntelliJ IDEA Community Edition 2022.3.2\bin;C:\Users\pedro\.dotnet\tools;C:\Users\pedro\AppData\Roaming\nvm;D:\Arquivos de Programas;C:\Users\pedro\AppData\Roaming\npm;C:\Program Files\Git\usr\bin\vendor_perl;C:\Program Files\Git\usr\bin\core_perl
USERNAME=pedro
SHELL=C:\Program Files\Git\usr\bin\bash.exe
DISPLAY=needs-to-be-defined
LC_CTYPE=pt_PT.UTF-8
TERM=xterm
TMPDIR=C:\Users\pedro\AppData\Local\Temp
OS=Windows_NT
PROCESSOR_IDENTIFIER=AMD64 Family 23 Model 24 Stepping 1, AuthenticAMD
TMP=C:\Users\pedro\AppData\Local\Temp
TEMP=C:\Users\pedro\AppData\Local\Temp



Periodic native trim disabled


---------------  S Y S T E M  ---------------

OS:
 Windows 11 , 64 bit Build 26100 (10.0.26100.2454)
OS uptime: 0 days 6:21 hours
Hyper-V role detected

CPU: total 8 (initial active 8) (8 cores per cpu, 2 threads per core) family 23 model 24 stepping 1 microcode 0x8108102, cx8, cmov, fxsr, ht, mmx, 3dnowpref, sse, sse2, sse3, ssse3, sse4a, sse4.1, sse4.2, popcnt, lzcnt, tsc, tscinvbit, avx, avx2, aes, clmul, bmi1, bmi2, adx, sha, fma, vzeroupper, clflush, clflushopt, hv
Processor Information for all 8 processors :
  Max Mhz: 2100, Current Mhz: 2100, Mhz Limit: 2100

Memory: 4k page, system-wide physical 10116M (1397M free)
TotalPageFile size 14212M (AvailPageFile size 3M)
current process WorkingSet (physical memory assigned to process): 82M, peak: 86M
current process commit charge ("private bytes"): 204M, peak: 206M

vm_info: OpenJDK 64-Bit Server VM (17.0.13+11) for windows-amd64 JRE (17.0.13+11), built on Oct 16 2024 00:10:08 by "admin" with MS VC++ 17.7 (VS2022)

END.
